#
# A fatal error has been detected by the Java Runtime Environment:
#
#  EXCEPTION_ACCESS_VIOLATION (0xc0000005) at pc=0x00007ffbf8d403dc, pid=12704, tid=5932
#
# JRE version: Java(TM) SE Runtime Environment 18.9 (11.0.13+10) (build 11.0.13+10-LTS-370)
# Java VM: Java HotSpot(TM) 64-Bit Server VM 18.9 (11.0.13+10-LTS-370, mixed mode, tiered, compressed oops, g1 gc, windows-amd64)
# Problematic frame:
# V  [jvm.dll+0x1303dc]
#
# No core dump will be written. Minidumps are not enabled by default on client versions of Windows
#
# If you would like to submit a bug report, please visit:
#   https://bugreport.java.com/bugreport/crash.jsp
#

---------------  S U M M A R Y ------------

Command Line: -ea -Didea.test.cyclic.buffer.size=1048576 -javaagent:C:\Program Files\JetBrains\IntelliJ IDEA Community Edition 2022.2.3\lib\idea_rt.jar=52863:C:\Program Files\JetBrains\IntelliJ IDEA Community Edition 2022.2.3\bin -Dfile.encoding=UTF-8 com.intellij.rt.testng.RemoteTestNGStarter -usedefaultlisteners false -socket52862 @w@C:\Users\ilhan\AppData\Local\Temp\idea_working_dirs_testng1.tmp -temp C:\Users\ilhan\AppData\Local\Temp\idea_testng1.tmp

Host: Intel(R) Core(TM) i7 CPU       Q 820  @ 1.73GHz, 8 cores, 9G,  Windows 10 , 64 bit Build 19041 (10.0.19041.2913)
Time: Tue May 16 16:46:39 2023 Türkiye Standart Saati elapsed time: 0.397209 seconds (0d 0h 0m 0s)

---------------  T H R E A D  ---------------

Current thread (0x0000028826a47000):  JavaThread "C1 CompilerThread0" daemon [_thread_in_native, id=5932, stack(0x000000c10da00000,0x000000c10db00000)]


Current CompileTask:
C1:    397   54       3       java.io.WinNTFileSystem::prefixLength (91 bytes)

Stack: [0x000000c10da00000,0x000000c10db00000],  sp=0x000000c10dafe350,  free space=1016k
Native frames: (J=compiled Java code, j=interpreted, Vv=VM code, C=native code)
V  [jvm.dll+0x1303dc]
V  [jvm.dll+0x130407]
V  [jvm.dll+0x130407]
V  [jvm.dll+0x130407]
V  [jvm.dll+0x130407]
V  [jvm.dll+0x130407]
V  [jvm.dll+0x130407]
V  [jvm.dll+0x1304f8]
V  [jvm.dll+0x11ca97]
V  [jvm.dll+0x12c90a]
V  [jvm.dll+0x117d99]
V  [jvm.dll+0x118100]
V  [jvm.dll+0x1183bf]
V  [jvm.dll+0x117667]
V  [jvm.dll+0x119537]
V  [jvm.dll+0x206d84]
V  [jvm.dll+0x204ebb]
V  [jvm.dll+0x727e70]
V  [jvm.dll+0x720a54]
V  [jvm.dll+0x627606]
C  [ucrtbase.dll+0x21bb2]
C  [KERNEL32.DLL+0x17614]
C  [ntdll.dll+0x526a1]


siginfo: EXCEPTION_ACCESS_VIOLATION (0xc0000005), reading address 0x0000000000000068


Register to memory mapping:

RIP=0x00007ffbf8d403dc jvm.dll
RAX=0x00000000ffffffff is an unknown value
RBX=0xffffffffffffffff is an unknown value
RCX=0x0000000000000005 is an unknown value
RDX=0x0000028826abaca0 points into unknown readable memory: 0x00007ffbf9448d40 | 40 8d 44 f9 fb 7f 00 00
RSP=0x000000c10dafe350 is pointing into the stack for thread: 0x0000028826a47000
RBP=0x0000028826abaca0 points into unknown readable memory: 0x00007ffbf9448d40 | 40 8d 44 f9 fb 7f 00 00
RSI=0x000000c10dafe4c0 is pointing into the stack for thread: 0x0000028826a47000
RDI=0x000000c10dafe5f0 is pointing into the stack for thread: 0x0000028826a47000
R8 =0x0 is NULL
R9 =0x0000000000000010 is an unknown value
R10=0x0000028826aeb638 points into unknown readable memory: 0x0000000000000000 | 00 00 00 00 00 00 00 00
R11=0x000000c10dafe470 is pointing into the stack for thread: 0x0000028826a47000
R12=0x0 is NULL
R13=0x0 is NULL
R14=0x0 is NULL
R15=0xffffffffffffffff is an unknown value


Registers:
RAX=0x00000000ffffffff, RBX=0xffffffffffffffff, RCX=0x0000000000000005, RDX=0x0000028826abaca0
RSP=0x000000c10dafe350, RBP=0x0000028826abaca0, RSI=0x000000c10dafe4c0, RDI=0x000000c10dafe5f0
R8 =0x0000000000000000, R9 =0x0000000000000010, R10=0x0000028826aeb638, R11=0x000000c10dafe470
R12=0x0000000000000000, R13=0x0000000000000000, R14=0x0000000000000000, R15=0xffffffffffffffff
RIP=0x00007ffbf8d403dc, EFLAGS=0x0000000000010297

Top of Stack: (sp=0x000000c10dafe350)
0x000000c10dafe350:   0000000000000000 0000028826abaca0
0x000000c10dafe360:   000000c10dafe4c0 000000c10dafe5f0
0x000000c10dafe370:   000000c10dafe5f0 00007ffbf8d40407
0x000000c10dafe380:   0000000000000000 0000028826aea720
0x000000c10dafe390:   0000028826abbb10 000000c10dafe4c0
0x000000c10dafe3a0:   000000c10dafe5f0 00007ffbf8d40407
0x000000c10dafe3b0:   0000000000000000 0000028826aea250
0x000000c10dafe3c0:   0000028826ae8eb0 000000c10dafe4c0
0x000000c10dafe3d0:   000000c10dafe5f0 00007ffbf8d40407
0x000000c10dafe3e0:   0000000000000000 0000028826ae9ca0
0x000000c10dafe3f0:   0000028826ae8a70 000000c10dafe4c0
0x000000c10dafe400:   000000c10dafe5f0 00007ffbf8d40407
0x000000c10dafe410:   0000000000000000 0000028826ae9720
0x000000c10dafe420:   0000028826ab8100 000000c10dafe4c0
0x000000c10dafe430:   000000c10dafe5f0 00007ffbf8d40407
0x000000c10dafe440:   0000000000000000 0000028826aeb1b0 

Instructions: (pc=0x00007ffbf8d403dc)
0x00007ffbf8d403bc:   1f 44 00 00 48 8b 8d 28 01 00 00 4c 8b c7 48 8b
0x00007ffbf8d403cc:   d6 48 8b 0c d9 e8 8a ff ff ff 48 83 eb 01 79 e4
0x00007ffbf8d403dc:   49 8b 46 68 48 85 c0 74 02 8b 00 83 e8 01 48 63
0x00007ffbf8d403ec:   d8 78 1e 90 49 8b 46 68 4c 8b c7 48 8b d6 48 8b 


Stack slot to memory mapping:
stack at sp + 0 slots: 0x0 is NULL
stack at sp + 1 slots: 0x0000028826abaca0 points into unknown readable memory: 0x00007ffbf9448d40 | 40 8d 44 f9 fb 7f 00 00
stack at sp + 2 slots: 0x000000c10dafe4c0 is pointing into the stack for thread: 0x0000028826a47000
stack at sp + 3 slots: 0x000000c10dafe5f0 is pointing into the stack for thread: 0x0000028826a47000
stack at sp + 4 slots: 0x000000c10dafe5f0 is pointing into the stack for thread: 0x0000028826a47000
stack at sp + 5 slots: 0x00007ffbf8d40407 jvm.dll
stack at sp + 6 slots: 0x0 is NULL
stack at sp + 7 slots: 0x0000028826aea720 points into unknown readable memory: 0x00007ffbf9443ef0 | f0 3e 44 f9 fb 7f 00 00


---------------  P R O C E S S  ---------------

Threads class SMR info:
_java_thread_list=0x00000288269f5ac0, length=9, elements={
0x0000028806f6b800, 0x00000288261ad800, 0x00000288261b7000, 0x0000028826a3b000,
0x0000028826a3c000, 0x0000028826a3e000, 0x0000028826a42000, 0x0000028826a47000,
0x0000028826a50800
}

Java Threads: ( => current thread )
  0x0000028806f6b800 JavaThread "main" [_thread_in_vm, id=10936, stack(0x000000c10cd00000,0x000000c10ce00000)]
  0x00000288261ad800 JavaThread "Reference Handler" daemon [_thread_blocked, id=11148, stack(0x000000c10d400000,0x000000c10d500000)]
  0x00000288261b7000 JavaThread "Finalizer" daemon [_thread_blocked, id=13300, stack(0x000000c10d500000,0x000000c10d600000)]
  0x0000028826a3b000 JavaThread "Signal Dispatcher" daemon [_thread_blocked, id=13984, stack(0x000000c10d600000,0x000000c10d700000)]
  0x0000028826a3c000 JavaThread "Attach Listener" daemon [_thread_blocked, id=3952, stack(0x000000c10d700000,0x000000c10d800000)]
  0x0000028826a3e000 JavaThread "Service Thread" daemon [_thread_blocked, id=13980, stack(0x000000c10d800000,0x000000c10d900000)]
  0x0000028826a42000 JavaThread "C2 CompilerThread0" daemon [_thread_blocked, id=2316, stack(0x000000c10d900000,0x000000c10da00000)]
=>0x0000028826a47000 JavaThread "C1 CompilerThread0" daemon [_thread_in_native, id=5932, stack(0x000000c10da00000,0x000000c10db00000)]
  0x0000028826a50800 JavaThread "Sweeper thread" daemon [_thread_blocked, id=14016, stack(0x000000c10db00000,0x000000c10dc00000)]

Other Threads:
  0x00000288261a9000 VMThread "VM Thread" [stack: 0x000000c10d300000,0x000000c10d400000] [id=6704]
  0x0000028806f80000 GCTaskThread "GC Thread#0" [stack: 0x000000c10ce00000,0x000000c10cf00000] [id=2116]
  0x0000028806fbb800 ConcurrentGCThread "G1 Main Marker" [stack: 0x000000c10cf00000,0x000000c10d000000] [id=5944]
  0x0000028806fbd000 ConcurrentGCThread "G1 Conc#0" [stack: 0x000000c10d000000,0x000000c10d100000] [id=1176]
  0x000002880703e800 ConcurrentGCThread "G1 Refine#0" [stack: 0x000000c10d100000,0x000000c10d200000] [id=7148]
  0x0000028826013000 ConcurrentGCThread "G1 Young RemSet Sampling" [stack: 0x000000c10d200000,0x000000c10d300000] [id=8748]

Threads with active compile tasks:
C1 CompilerThread0    484   54       3       java.io.WinNTFileSystem::prefixLength (91 bytes)

VM state:not at safepoint (normal execution)

VM Mutex/Monitor currently owned by a thread: None

Heap address: 0x0000000761200000, size: 2542 MB, Compressed Oops mode: Zero based, Oop shift amount: 3
Narrow klass base: 0x0000000800000000, Narrow klass shift: 0
Compressed class space size: 1073741824 Address: 0x0000000800000000

Heap:
 garbage-first heap   total 163840K, used 1024K [0x0000000761200000, 0x0000000800000000)
  region size 1024K, 2 young (2048K), 0 survivors (0K)
 Metaspace       used 3166K, capacity 4480K, committed 4480K, reserved 1056768K
  class space    used 272K, capacity 384K, committed 384K, reserved 1048576K
Heap Regions: E=young(eden), S=young(survivor), O=old, HS=humongous(starts), HC=humongous(continues), CS=collection set, F=free, A=archive, TAMS=top-at-mark-start (previous, next)
|   0|0x0000000761200000, 0x0000000761200000, 0x0000000761300000|  0%| F|  |TAMS 0x0000000761200000, 0x0000000761200000| Untracked 
|   1|0x0000000761300000, 0x0000000761300000, 0x0000000761400000|  0%| F|  |TAMS 0x0000000761300000, 0x0000000761300000| Untracked 
|   2|0x0000000761400000, 0x0000000761400000, 0x0000000761500000|  0%| F|  |TAMS 0x0000000761400000, 0x0000000761400000| Untracked 
|   3|0x0000000761500000, 0x0000000761500000, 0x0000000761600000|  0%| F|  |TAMS 0x0000000761500000, 0x0000000761500000| Untracked 
|   4|0x0000000761600000, 0x0000000761600000, 0x0000000761700000|  0%| F|  |TAMS 0x0000000761600000, 0x0000000761600000| Untracked 
|   5|0x0000000761700000, 0x0000000761700000, 0x0000000761800000|  0%| F|  |TAMS 0x0000000761700000, 0x0000000761700000| Untracked 
|   6|0x0000000761800000, 0x0000000761800000, 0x0000000761900000|  0%| F|  |TAMS 0x0000000761800000, 0x0000000761800000| Untracked 
|   7|0x0000000761900000, 0x0000000761900000, 0x0000000761a00000|  0%| F|  |TAMS 0x0000000761900000, 0x0000000761900000| Untracked 
|   8|0x0000000761a00000, 0x0000000761a00000, 0x0000000761b00000|  0%| F|  |TAMS 0x0000000761a00000, 0x0000000761a00000| Untracked 
|   9|0x0000000761b00000, 0x0000000761b00000, 0x0000000761c00000|  0%| F|  |TAMS 0x0000000761b00000, 0x0000000761b00000| Untracked 
|  10|0x0000000761c00000, 0x0000000761c00000, 0x0000000761d00000|  0%| F|  |TAMS 0x0000000761c00000, 0x0000000761c00000| Untracked 
|  11|0x0000000761d00000, 0x0000000761d00000, 0x0000000761e00000|  0%| F|  |TAMS 0x0000000761d00000, 0x0000000761d00000| Untracked 
|  12|0x0000000761e00000, 0x0000000761e00000, 0x0000000761f00000|  0%| F|  |TAMS 0x0000000761e00000, 0x0000000761e00000| Untracked 
|  13|0x0000000761f00000, 0x0000000761f00000, 0x0000000762000000|  0%| F|  |TAMS 0x0000000761f00000, 0x0000000761f00000| Untracked 
|  14|0x0000000762000000, 0x0000000762000000, 0x0000000762100000|  0%| F|  |TAMS 0x0000000762000000, 0x0000000762000000| Untracked 
|  15|0x0000000762100000, 0x0000000762100000, 0x0000000762200000|  0%| F|  |TAMS 0x0000000762100000, 0x0000000762100000| Untracked 
|  16|0x0000000762200000, 0x0000000762200000, 0x0000000762300000|  0%| F|  |TAMS 0x0000000762200000, 0x0000000762200000| Untracked 
|  17|0x0000000762300000, 0x0000000762300000, 0x0000000762400000|  0%| F|  |TAMS 0x0000000762300000, 0x0000000762300000| Untracked 
|  18|0x0000000762400000, 0x0000000762400000, 0x0000000762500000|  0%| F|  |TAMS 0x0000000762400000, 0x0000000762400000| Untracked 
|  19|0x0000000762500000, 0x0000000762500000, 0x0000000762600000|  0%| F|  |TAMS 0x0000000762500000, 0x0000000762500000| Untracked 
|  20|0x0000000762600000, 0x0000000762600000, 0x0000000762700000|  0%| F|  |TAMS 0x0000000762600000, 0x0000000762600000| Untracked 
|  21|0x0000000762700000, 0x0000000762700000, 0x0000000762800000|  0%| F|  |TAMS 0x0000000762700000, 0x0000000762700000| Untracked 
|  22|0x0000000762800000, 0x0000000762800000, 0x0000000762900000|  0%| F|  |TAMS 0x0000000762800000, 0x0000000762800000| Untracked 
|  23|0x0000000762900000, 0x0000000762900000, 0x0000000762a00000|  0%| F|  |TAMS 0x0000000762900000, 0x0000000762900000| Untracked 
|  24|0x0000000762a00000, 0x0000000762a00000, 0x0000000762b00000|  0%| F|  |TAMS 0x0000000762a00000, 0x0000000762a00000| Untracked 
|  25|0x0000000762b00000, 0x0000000762b00000, 0x0000000762c00000|  0%| F|  |TAMS 0x0000000762b00000, 0x0000000762b00000| Untracked 
|  26|0x0000000762c00000, 0x0000000762c00000, 0x0000000762d00000|  0%| F|  |TAMS 0x0000000762c00000, 0x0000000762c00000| Untracked 
|  27|0x0000000762d00000, 0x0000000762d00000, 0x0000000762e00000|  0%| F|  |TAMS 0x0000000762d00000, 0x0000000762d00000| Untracked 
|  28|0x0000000762e00000, 0x0000000762e00000, 0x0000000762f00000|  0%| F|  |TAMS 0x0000000762e00000, 0x0000000762e00000| Untracked 
|  29|0x0000000762f00000, 0x0000000762f00000, 0x0000000763000000|  0%| F|  |TAMS 0x0000000762f00000, 0x0000000762f00000| Untracked 
|  30|0x0000000763000000, 0x0000000763000000, 0x0000000763100000|  0%| F|  |TAMS 0x0000000763000000, 0x0000000763000000| Untracked 
|  31|0x0000000763100000, 0x0000000763100000, 0x0000000763200000|  0%| F|  |TAMS 0x0000000763100000, 0x0000000763100000| Untracked 
|  32|0x0000000763200000, 0x0000000763200000, 0x0000000763300000|  0%| F|  |TAMS 0x0000000763200000, 0x0000000763200000| Untracked 
|  33|0x0000000763300000, 0x0000000763300000, 0x0000000763400000|  0%| F|  |TAMS 0x0000000763300000, 0x0000000763300000| Untracked 
|  34|0x0000000763400000, 0x0000000763400000, 0x0000000763500000|  0%| F|  |TAMS 0x0000000763400000, 0x0000000763400000| Untracked 
|  35|0x0000000763500000, 0x0000000763500000, 0x0000000763600000|  0%| F|  |TAMS 0x0000000763500000, 0x0000000763500000| Untracked 
|  36|0x0000000763600000, 0x0000000763600000, 0x0000000763700000|  0%| F|  |TAMS 0x0000000763600000, 0x0000000763600000| Untracked 
|  37|0x0000000763700000, 0x0000000763700000, 0x0000000763800000|  0%| F|  |TAMS 0x0000000763700000, 0x0000000763700000| Untracked 
|  38|0x0000000763800000, 0x0000000763800000, 0x0000000763900000|  0%| F|  |TAMS 0x0000000763800000, 0x0000000763800000| Untracked 
|  39|0x0000000763900000, 0x0000000763900000, 0x0000000763a00000|  0%| F|  |TAMS 0x0000000763900000, 0x0000000763900000| Untracked 
|  40|0x0000000763a00000, 0x0000000763a00000, 0x0000000763b00000|  0%| F|  |TAMS 0x0000000763a00000, 0x0000000763a00000| Untracked 
|  41|0x0000000763b00000, 0x0000000763b00000, 0x0000000763c00000|  0%| F|  |TAMS 0x0000000763b00000, 0x0000000763b00000| Untracked 
|  42|0x0000000763c00000, 0x0000000763c00000, 0x0000000763d00000|  0%| F|  |TAMS 0x0000000763c00000, 0x0000000763c00000| Untracked 
|  43|0x0000000763d00000, 0x0000000763d00000, 0x0000000763e00000|  0%| F|  |TAMS 0x0000000763d00000, 0x0000000763d00000| Untracked 
|  44|0x0000000763e00000, 0x0000000763e00000, 0x0000000763f00000|  0%| F|  |TAMS 0x0000000763e00000, 0x0000000763e00000| Untracked 
|  45|0x0000000763f00000, 0x0000000763f00000, 0x0000000764000000|  0%| F|  |TAMS 0x0000000763f00000, 0x0000000763f00000| Untracked 
|  46|0x0000000764000000, 0x0000000764000000, 0x0000000764100000|  0%| F|  |TAMS 0x0000000764000000, 0x0000000764000000| Untracked 
|  47|0x0000000764100000, 0x0000000764100000, 0x0000000764200000|  0%| F|  |TAMS 0x0000000764100000, 0x0000000764100000| Untracked 
|  48|0x0000000764200000, 0x0000000764200000, 0x0000000764300000|  0%| F|  |TAMS 0x0000000764200000, 0x0000000764200000| Untracked 
|  49|0x0000000764300000, 0x0000000764300000, 0x0000000764400000|  0%| F|  |TAMS 0x0000000764300000, 0x0000000764300000| Untracked 
|  50|0x0000000764400000, 0x0000000764400000, 0x0000000764500000|  0%| F|  |TAMS 0x0000000764400000, 0x0000000764400000| Untracked 
|  51|0x0000000764500000, 0x0000000764500000, 0x0000000764600000|  0%| F|  |TAMS 0x0000000764500000, 0x0000000764500000| Untracked 
|  52|0x0000000764600000, 0x0000000764600000, 0x0000000764700000|  0%| F|  |TAMS 0x0000000764600000, 0x0000000764600000| Untracked 
|  53|0x0000000764700000, 0x0000000764700000, 0x0000000764800000|  0%| F|  |TAMS 0x0000000764700000, 0x0000000764700000| Untracked 
|  54|0x0000000764800000, 0x0000000764800000, 0x0000000764900000|  0%| F|  |TAMS 0x0000000764800000, 0x0000000764800000| Untracked 
|  55|0x0000000764900000, 0x0000000764900000, 0x0000000764a00000|  0%| F|  |TAMS 0x0000000764900000, 0x0000000764900000| Untracked 
|  56|0x0000000764a00000, 0x0000000764a00000, 0x0000000764b00000|  0%| F|  |TAMS 0x0000000764a00000, 0x0000000764a00000| Untracked 
|  57|0x0000000764b00000, 0x0000000764b00000, 0x0000000764c00000|  0%| F|  |TAMS 0x0000000764b00000, 0x0000000764b00000| Untracked 
|  58|0x0000000764c00000, 0x0000000764c00000, 0x0000000764d00000|  0%| F|  |TAMS 0x0000000764c00000, 0x0000000764c00000| Untracked 
|  59|0x0000000764d00000, 0x0000000764d00000, 0x0000000764e00000|  0%| F|  |TAMS 0x0000000764d00000, 0x0000000764d00000| Untracked 
|  60|0x0000000764e00000, 0x0000000764e00000, 0x0000000764f00000|  0%| F|  |TAMS 0x0000000764e00000, 0x0000000764e00000| Untracked 
|  61|0x0000000764f00000, 0x0000000764f00000, 0x0000000765000000|  0%| F|  |TAMS 0x0000000764f00000, 0x0000000764f00000| Untracked 
|  62|0x0000000765000000, 0x0000000765000000, 0x0000000765100000|  0%| F|  |TAMS 0x0000000765000000, 0x0000000765000000| Untracked 
|  63|0x0000000765100000, 0x0000000765100000, 0x0000000765200000|  0%| F|  |TAMS 0x0000000765100000, 0x0000000765100000| Untracked 
|  64|0x0000000765200000, 0x0000000765200000, 0x0000000765300000|  0%| F|  |TAMS 0x0000000765200000, 0x0000000765200000| Untracked 
|  65|0x0000000765300000, 0x0000000765300000, 0x0000000765400000|  0%| F|  |TAMS 0x0000000765300000, 0x0000000765300000| Untracked 
|  66|0x0000000765400000, 0x0000000765400000, 0x0000000765500000|  0%| F|  |TAMS 0x0000000765400000, 0x0000000765400000| Untracked 
|  67|0x0000000765500000, 0x0000000765500000, 0x0000000765600000|  0%| F|  |TAMS 0x0000000765500000, 0x0000000765500000| Untracked 
|  68|0x0000000765600000, 0x0000000765600000, 0x0000000765700000|  0%| F|  |TAMS 0x0000000765600000, 0x0000000765600000| Untracked 
|  69|0x0000000765700000, 0x0000000765700000, 0x0000000765800000|  0%| F|  |TAMS 0x0000000765700000, 0x0000000765700000| Untracked 
|  70|0x0000000765800000, 0x0000000765800000, 0x0000000765900000|  0%| F|  |TAMS 0x0000000765800000, 0x0000000765800000| Untracked 
|  71|0x0000000765900000, 0x0000000765900000, 0x0000000765a00000|  0%| F|  |TAMS 0x0000000765900000, 0x0000000765900000| Untracked 
|  72|0x0000000765a00000, 0x0000000765a00000, 0x0000000765b00000|  0%| F|  |TAMS 0x0000000765a00000, 0x0000000765a00000| Untracked 
|  73|0x0000000765b00000, 0x0000000765b00000, 0x0000000765c00000|  0%| F|  |TAMS 0x0000000765b00000, 0x0000000765b00000| Untracked 
|  74|0x0000000765c00000, 0x0000000765c00000, 0x0000000765d00000|  0%| F|  |TAMS 0x0000000765c00000, 0x0000000765c00000| Untracked 
|  75|0x0000000765d00000, 0x0000000765d00000, 0x0000000765e00000|  0%| F|  |TAMS 0x0000000765d00000, 0x0000000765d00000| Untracked 
|  76|0x0000000765e00000, 0x0000000765e00000, 0x0000000765f00000|  0%| F|  |TAMS 0x0000000765e00000, 0x0000000765e00000| Untracked 
|  77|0x0000000765f00000, 0x0000000765f00000, 0x0000000766000000|  0%| F|  |TAMS 0x0000000765f00000, 0x0000000765f00000| Untracked 
|  78|0x0000000766000000, 0x0000000766000000, 0x0000000766100000|  0%| F|  |TAMS 0x0000000766000000, 0x0000000766000000| Untracked 
|  79|0x0000000766100000, 0x0000000766100000, 0x0000000766200000|  0%| F|  |TAMS 0x0000000766100000, 0x0000000766100000| Untracked 
|  80|0x0000000766200000, 0x0000000766200000, 0x0000000766300000|  0%| F|  |TAMS 0x0000000766200000, 0x0000000766200000| Untracked 
|  81|0x0000000766300000, 0x0000000766300000, 0x0000000766400000|  0%| F|  |TAMS 0x0000000766300000, 0x0000000766300000| Untracked 
|  82|0x0000000766400000, 0x0000000766400000, 0x0000000766500000|  0%| F|  |TAMS 0x0000000766400000, 0x0000000766400000| Untracked 
|  83|0x0000000766500000, 0x0000000766500000, 0x0000000766600000|  0%| F|  |TAMS 0x0000000766500000, 0x0000000766500000| Untracked 
|  84|0x0000000766600000, 0x0000000766600000, 0x0000000766700000|  0%| F|  |TAMS 0x0000000766600000, 0x0000000766600000| Untracked 
|  85|0x0000000766700000, 0x0000000766700000, 0x0000000766800000|  0%| F|  |TAMS 0x0000000766700000, 0x0000000766700000| Untracked 
|  86|0x0000000766800000, 0x0000000766800000, 0x0000000766900000|  0%| F|  |TAMS 0x0000000766800000, 0x0000000766800000| Untracked 
|  87|0x0000000766900000, 0x0000000766900000, 0x0000000766a00000|  0%| F|  |TAMS 0x0000000766900000, 0x0000000766900000| Untracked 
|  88|0x0000000766a00000, 0x0000000766a00000, 0x0000000766b00000|  0%| F|  |TAMS 0x0000000766a00000, 0x0000000766a00000| Untracked 
|  89|0x0000000766b00000, 0x0000000766b00000, 0x0000000766c00000|  0%| F|  |TAMS 0x0000000766b00000, 0x0000000766b00000| Untracked 
|  90|0x0000000766c00000, 0x0000000766c00000, 0x0000000766d00000|  0%| F|  |TAMS 0x0000000766c00000, 0x0000000766c00000| Untracked 
|  91|0x0000000766d00000, 0x0000000766d00000, 0x0000000766e00000|  0%| F|  |TAMS 0x0000000766d00000, 0x0000000766d00000| Untracked 
|  92|0x0000000766e00000, 0x0000000766e00000, 0x0000000766f00000|  0%| F|  |TAMS 0x0000000766e00000, 0x0000000766e00000| Untracked 
|  93|0x0000000766f00000, 0x0000000766f00000, 0x0000000767000000|  0%| F|  |TAMS 0x0000000766f00000, 0x0000000766f00000| Untracked 
|  94|0x0000000767000000, 0x0000000767000000, 0x0000000767100000|  0%| F|  |TAMS 0x0000000767000000, 0x0000000767000000| Untracked 
|  95|0x0000000767100000, 0x0000000767100000, 0x0000000767200000|  0%| F|  |TAMS 0x0000000767100000, 0x0000000767100000| Untracked 
|  96|0x0000000767200000, 0x0000000767200000, 0x0000000767300000|  0%| F|  |TAMS 0x0000000767200000, 0x0000000767200000| Untracked 
|  97|0x0000000767300000, 0x0000000767300000, 0x0000000767400000|  0%| F|  |TAMS 0x0000000767300000, 0x0000000767300000| Untracked 
|  98|0x0000000767400000, 0x0000000767400000, 0x0000000767500000|  0%| F|  |TAMS 0x0000000767400000, 0x0000000767400000| Untracked 
|  99|0x0000000767500000, 0x0000000767500000, 0x0000000767600000|  0%| F|  |TAMS 0x0000000767500000, 0x0000000767500000| Untracked 
| 100|0x0000000767600000, 0x0000000767600000, 0x0000000767700000|  0%| F|  |TAMS 0x0000000767600000, 0x0000000767600000| Untracked 
| 101|0x0000000767700000, 0x0000000767700000, 0x0000000767800000|  0%| F|  |TAMS 0x0000000767700000, 0x0000000767700000| Untracked 
| 102|0x0000000767800000, 0x0000000767800000, 0x0000000767900000|  0%| F|  |TAMS 0x0000000767800000, 0x0000000767800000| Untracked 
| 103|0x0000000767900000, 0x0000000767900000, 0x0000000767a00000|  0%| F|  |TAMS 0x0000000767900000, 0x0000000767900000| Untracked 
| 104|0x0000000767a00000, 0x0000000767a00000, 0x0000000767b00000|  0%| F|  |TAMS 0x0000000767a00000, 0x0000000767a00000| Untracked 
| 105|0x0000000767b00000, 0x0000000767b00000, 0x0000000767c00000|  0%| F|  |TAMS 0x0000000767b00000, 0x0000000767b00000| Untracked 
| 106|0x0000000767c00000, 0x0000000767c00000, 0x0000000767d00000|  0%| F|  |TAMS 0x0000000767c00000, 0x0000000767c00000| Untracked 
| 107|0x0000000767d00000, 0x0000000767d00000, 0x0000000767e00000|  0%| F|  |TAMS 0x0000000767d00000, 0x0000000767d00000| Untracked 
| 108|0x0000000767e00000, 0x0000000767e00000, 0x0000000767f00000|  0%| F|  |TAMS 0x0000000767e00000, 0x0000000767e00000| Untracked 
| 109|0x0000000767f00000, 0x0000000767f00000, 0x0000000768000000|  0%| F|  |TAMS 0x0000000767f00000, 0x0000000767f00000| Untracked 
| 110|0x0000000768000000, 0x0000000768000000, 0x0000000768100000|  0%| F|  |TAMS 0x0000000768000000, 0x0000000768000000| Untracked 
| 111|0x0000000768100000, 0x0000000768100000, 0x0000000768200000|  0%| F|  |TAMS 0x0000000768100000, 0x0000000768100000| Untracked 
| 112|0x0000000768200000, 0x0000000768200000, 0x0000000768300000|  0%| F|  |TAMS 0x0000000768200000, 0x0000000768200000| Untracked 
| 113|0x0000000768300000, 0x0000000768300000, 0x0000000768400000|  0%| F|  |TAMS 0x0000000768300000, 0x0000000768300000| Untracked 
| 114|0x0000000768400000, 0x0000000768400000, 0x0000000768500000|  0%| F|  |TAMS 0x0000000768400000, 0x0000000768400000| Untracked 
| 115|0x0000000768500000, 0x0000000768500000, 0x0000000768600000|  0%| F|  |TAMS 0x0000000768500000, 0x0000000768500000| Untracked 
| 116|0x0000000768600000, 0x0000000768600000, 0x0000000768700000|  0%| F|  |TAMS 0x0000000768600000, 0x0000000768600000| Untracked 
| 117|0x0000000768700000, 0x0000000768700000, 0x0000000768800000|  0%| F|  |TAMS 0x0000000768700000, 0x0000000768700000| Untracked 
| 118|0x0000000768800000, 0x0000000768800000, 0x0000000768900000|  0%| F|  |TAMS 0x0000000768800000, 0x0000000768800000| Untracked 
| 119|0x0000000768900000, 0x0000000768900000, 0x0000000768a00000|  0%| F|  |TAMS 0x0000000768900000, 0x0000000768900000| Untracked 
| 120|0x0000000768a00000, 0x0000000768a00000, 0x0000000768b00000|  0%| F|  |TAMS 0x0000000768a00000, 0x0000000768a00000| Untracked 
| 121|0x0000000768b00000, 0x0000000768b00000, 0x0000000768c00000|  0%| F|  |TAMS 0x0000000768b00000, 0x0000000768b00000| Untracked 
| 122|0x0000000768c00000, 0x0000000768c00000, 0x0000000768d00000|  0%| F|  |TAMS 0x0000000768c00000, 0x0000000768c00000| Untracked 
| 123|0x0000000768d00000, 0x0000000768d00000, 0x0000000768e00000|  0%| F|  |TAMS 0x0000000768d00000, 0x0000000768d00000| Untracked 
| 124|0x0000000768e00000, 0x0000000768e00000, 0x0000000768f00000|  0%| F|  |TAMS 0x0000000768e00000, 0x0000000768e00000| Untracked 
| 125|0x0000000768f00000, 0x0000000768f00000, 0x0000000769000000|  0%| F|  |TAMS 0x0000000768f00000, 0x0000000768f00000| Untracked 
| 126|0x0000000769000000, 0x0000000769000000, 0x0000000769100000|  0%| F|  |TAMS 0x0000000769000000, 0x0000000769000000| Untracked 
| 127|0x0000000769100000, 0x0000000769100000, 0x0000000769200000|  0%| F|  |TAMS 0x0000000769100000, 0x0000000769100000| Untracked 
| 128|0x0000000769200000, 0x0000000769200000, 0x0000000769300000|  0%| F|  |TAMS 0x0000000769200000, 0x0000000769200000| Untracked 
| 129|0x0000000769300000, 0x0000000769300000, 0x0000000769400000|  0%| F|  |TAMS 0x0000000769300000, 0x0000000769300000| Untracked 
| 130|0x0000000769400000, 0x0000000769400000, 0x0000000769500000|  0%| F|  |TAMS 0x0000000769400000, 0x0000000769400000| Untracked 
| 131|0x0000000769500000, 0x0000000769500000, 0x0000000769600000|  0%| F|  |TAMS 0x0000000769500000, 0x0000000769500000| Untracked 
| 132|0x0000000769600000, 0x0000000769600000, 0x0000000769700000|  0%| F|  |TAMS 0x0000000769600000, 0x0000000769600000| Untracked 
| 133|0x0000000769700000, 0x0000000769700000, 0x0000000769800000|  0%| F|  |TAMS 0x0000000769700000, 0x0000000769700000| Untracked 
| 134|0x0000000769800000, 0x0000000769800000, 0x0000000769900000|  0%| F|  |TAMS 0x0000000769800000, 0x0000000769800000| Untracked 
| 135|0x0000000769900000, 0x0000000769900000, 0x0000000769a00000|  0%| F|  |TAMS 0x0000000769900000, 0x0000000769900000| Untracked 
| 136|0x0000000769a00000, 0x0000000769a00000, 0x0000000769b00000|  0%| F|  |TAMS 0x0000000769a00000, 0x0000000769a00000| Untracked 
| 137|0x0000000769b00000, 0x0000000769b00000, 0x0000000769c00000|  0%| F|  |TAMS 0x0000000769b00000, 0x0000000769b00000| Untracked 
| 138|0x0000000769c00000, 0x0000000769c00000, 0x0000000769d00000|  0%| F|  |TAMS 0x0000000769c00000, 0x0000000769c00000| Untracked 
| 139|0x0000000769d00000, 0x0000000769d00000, 0x0000000769e00000|  0%| F|  |TAMS 0x0000000769d00000, 0x0000000769d00000| Untracked 
| 140|0x0000000769e00000, 0x0000000769e00000, 0x0000000769f00000|  0%| F|  |TAMS 0x0000000769e00000, 0x0000000769e00000| Untracked 
| 141|0x0000000769f00000, 0x0000000769f00000, 0x000000076a000000|  0%| F|  |TAMS 0x0000000769f00000, 0x0000000769f00000| Untracked 
| 142|0x000000076a000000, 0x000000076a000000, 0x000000076a100000|  0%| F|  |TAMS 0x000000076a000000, 0x000000076a000000| Untracked 
| 143|0x000000076a100000, 0x000000076a100000, 0x000000076a200000|  0%| F|  |TAMS 0x000000076a100000, 0x000000076a100000| Untracked 
| 144|0x000000076a200000, 0x000000076a200000, 0x000000076a300000|  0%| F|  |TAMS 0x000000076a200000, 0x000000076a200000| Untracked 
| 145|0x000000076a300000, 0x000000076a300000, 0x000000076a400000|  0%| F|  |TAMS 0x000000076a300000, 0x000000076a300000| Untracked 
| 146|0x000000076a400000, 0x000000076a400000, 0x000000076a500000|  0%| F|  |TAMS 0x000000076a400000, 0x000000076a400000| Untracked 
| 147|0x000000076a500000, 0x000000076a500000, 0x000000076a600000|  0%| F|  |TAMS 0x000000076a500000, 0x000000076a500000| Untracked 
| 148|0x000000076a600000, 0x000000076a600000, 0x000000076a700000|  0%| F|  |TAMS 0x000000076a600000, 0x000000076a600000| Untracked 
| 149|0x000000076a700000, 0x000000076a700000, 0x000000076a800000|  0%| F|  |TAMS 0x000000076a700000, 0x000000076a700000| Untracked 
| 150|0x000000076a800000, 0x000000076a800000, 0x000000076a900000|  0%| F|  |TAMS 0x000000076a800000, 0x000000076a800000| Untracked 
| 151|0x000000076a900000, 0x000000076a900000, 0x000000076aa00000|  0%| F|  |TAMS 0x000000076a900000, 0x000000076a900000| Untracked 
| 152|0x000000076aa00000, 0x000000076aa00000, 0x000000076ab00000|  0%| F|  |TAMS 0x000000076aa00000, 0x000000076aa00000| Untracked 
| 153|0x000000076ab00000, 0x000000076ab00000, 0x000000076ac00000|  0%| F|  |TAMS 0x000000076ab00000, 0x000000076ab00000| Untracked 
| 154|0x000000076ac00000, 0x000000076ac00000, 0x000000076ad00000|  0%| F|  |TAMS 0x000000076ac00000, 0x000000076ac00000| Untracked 
| 155|0x000000076ad00000, 0x000000076ad00000, 0x000000076ae00000|  0%| F|  |TAMS 0x000000076ad00000, 0x000000076ad00000| Untracked 
| 156|0x000000076ae00000, 0x000000076ae00000, 0x000000076af00000|  0%| F|  |TAMS 0x000000076ae00000, 0x000000076ae00000| Untracked 
| 157|0x000000076af00000, 0x000000076af00000, 0x000000076b000000|  0%| F|  |TAMS 0x000000076af00000, 0x000000076af00000| Untracked 
| 158|0x000000076b000000, 0x000000076b07b6a8, 0x000000076b100000| 48%| E|  |TAMS 0x000000076b000000, 0x000000076b000000| Complete 
| 159|0x000000076b100000, 0x000000076b200000, 0x000000076b200000|100%| E|CS|TAMS 0x000000076b100000, 0x000000076b100000| Complete 

Card table byte_map: [0x000002881ddd0000,0x000002881e2d0000] _byte_map_base: 0x000002881a2c7000

Marking Bits (Prev, Next): (CMBitMap*) 0x0000028806fb0f38, (CMBitMap*) 0x0000028806fb0f70
 Prev Bits: [0x000002881e7d0000, 0x0000028820f88000)
 Next Bits: [0x0000028820f90000, 0x0000028823748000)

Polling page: 0x0000028804f30000

Metaspace:

Usage:
  Non-class:      4.00 MB capacity,     3.04 MB ( 76%) used,   980.68 KB ( 24%) free+waste,    64 bytes ( <1%) overhead. 
      Class:    384.00 KB capacity,   287.65 KB ( 75%) used,    96.29 KB ( 25%) free+waste,    64 bytes ( <1%) overhead. 
       Both:      4.38 MB capacity,     3.32 MB ( 76%) used,     1.05 MB ( 24%) free+waste,   128 bytes ( <1%) overhead. 

Virtual space:
  Non-class space:        8.00 MB reserved,       4.00 MB ( 50%) committed 
      Class space:        1.00 GB reserved,     384.00 KB ( <1%) committed 
             Both:        1.01 GB reserved,       4.38 MB ( <1%) committed 

Chunk freelists:
   Non-Class:  0 bytes
       Class:  0 bytes
        Both:  0 bytes

CodeHeap 'non-profiled nmethods': size=120000Kb used=9Kb max_used=9Kb free=119990Kb
 bounds [0x0000028816060000, 0x00000288162d0000, 0x000002881d590000]
CodeHeap 'profiled nmethods': size=120000Kb used=75Kb max_used=75Kb free=119924Kb
 bounds [0x000002880eb30000, 0x000002880eda0000, 0x0000028816060000]
CodeHeap 'non-nmethods': size=5760Kb used=990Kb max_used=996Kb free=4769Kb
 bounds [0x000002880e590000, 0x000002880e800000, 0x000002880eb30000]
 total_blobs=298 nmethods=54 adapters=157
 compilation: enabled
              stopped_count=0, restarted_count=0
 full_count=0

Compilation events (10 events):
Event: 0.326 Thread 0x0000028826a47000 nmethod 49 0x000002880eb41290 code [0x000002880eb41460, 0x000002880eb41958]
Event: 0.326 Thread 0x0000028826a47000   47       1       java.io.File::getPrefixLength (5 bytes)
Event: 0.327 Thread 0x0000028826a47000 nmethod 47 0x0000028816061710 code [0x00000288160618a0, 0x0000028816061958]
Event: 0.327 Thread 0x0000028826a47000   50       1       java.util.HashMap::size (5 bytes)
Event: 0.327 Thread 0x0000028826a47000 nmethod 50 0x0000028816061a10 code [0x0000028816061ba0, 0x0000028816061c58]
Event: 0.357 Thread 0x0000028826a47000   51       3       java.lang.StringLatin1::newString (17 bytes)
Event: 0.358 Thread 0x0000028826a47000 nmethod 51 0x000002880eb41a90 code [0x000002880eb41c40, 0x000002880eb41ee8]
Event: 0.367 Thread 0x0000028826a47000   52       3       java.lang.String::startsWith (138 bytes)
Event: 0.370 Thread 0x0000028826a47000 nmethod 52 0x000002880eb42010 code [0x000002880eb42240, 0x000002880eb42c18]
Event: 0.370 Thread 0x0000028826a47000   54       3       java.io.WinNTFileSystem::prefixLength (91 bytes)

GC Heap History (0 events):
No events

Deoptimization events (0 events):
No events

Classes redefined (0 events):
No events

Internal exceptions (0 events):
No events

Events (10 events):
Event: 0.176 loading class java/io/ExpiringCache$Entry
Event: 0.176 loading class java/io/ExpiringCache$Entry done
Event: 0.177 loading class sun/net/www/ParseUtil
Event: 0.177 loading class sun/net/www/ParseUtil done
Event: 0.178 loading class sun/net/www/protocol/file/Handler
Event: 0.178 loading class java/net/URLStreamHandler
Event: 0.178 loading class java/net/URLStreamHandler done
Event: 0.178 loading class sun/net/www/protocol/file/Handler done
Event: 0.178 loading class sun/net/util/IPAddressUtil
Event: 0.179 loading class sun/net/util/IPAddressUtil done


Dynamic libraries:
0x00007ff67ccd0000 - 0x00007ff67ccdf000 	C:\Program Files\Java\jdk-11.0.13\bin\java.exe
0x00007ffc602d0000 - 0x00007ffc604c8000 	C:\Windows\SYSTEM32\ntdll.dll
0x00007ffc5e820000 - 0x00007ffc5e8df000 	C:\Windows\System32\KERNEL32.DLL
0x00007ffc5e000000 - 0x00007ffc5e2f6000 	C:\Windows\System32\KERNELBASE.dll
0x00007ffc5dcc0000 - 0x00007ffc5ddc0000 	C:\Windows\System32\ucrtbase.dll
0x00007ffc43a50000 - 0x00007ffc43a68000 	C:\Program Files\Java\jdk-11.0.13\bin\jli.dll
0x00007ffc43a70000 - 0x00007ffc43a85000 	C:\Program Files\Java\jdk-11.0.13\bin\VCRUNTIME140.dll
0x00007ffc5f500000 - 0x00007ffc5f5af000 	C:\Windows\System32\ADVAPI32.dll
0x00007ffc60010000 - 0x00007ffc600ae000 	C:\Windows\System32\msvcrt.dll
0x00007ffc5e780000 - 0x00007ffc5e81c000 	C:\Windows\System32\sechost.dll
0x00007ffc5fee0000 - 0x00007ffc60006000 	C:\Windows\System32\RPCRT4.dll
0x00007ffc5e450000 - 0x00007ffc5e5ed000 	C:\Windows\System32\USER32.dll
0x00007ffc5cec0000 - 0x00007ffc5d15a000 	C:\Windows\WinSxS\amd64_microsoft.windows.common-controls_6595b64144ccf1df_6.0.19041.1110_none_60b5254171f9507e\COMCTL32.dll
0x00007ffc5de70000 - 0x00007ffc5de92000 	C:\Windows\System32\win32u.dll
0x00007ffc5f4d0000 - 0x00007ffc5f4fc000 	C:\Windows\System32\GDI32.dll
0x00007ffc5da40000 - 0x00007ffc5db55000 	C:\Windows\System32\gdi32full.dll
0x00007ffc5df60000 - 0x00007ffc5dffd000 	C:\Windows\System32\msvcp_win.dll
0x00007ffc56640000 - 0x00007ffc5664a000 	C:\Windows\SYSTEM32\VERSION.dll
0x00007ffc5fa30000 - 0x00007ffc5fa60000 	C:\Windows\System32\IMM32.DLL
0x00007ffc240d0000 - 0x00007ffc2416b000 	C:\Program Files\Java\jdk-11.0.13\bin\msvcp140.dll
0x00007ffbf8c10000 - 0x00007ffbf9723000 	C:\Program Files\Java\jdk-11.0.13\bin\server\jvm.dll
0x00007ffc5fa20000 - 0x00007ffc5fa28000 	C:\Windows\System32\PSAPI.DLL
0x00007ffc4a540000 - 0x00007ffc4a549000 	C:\Windows\SYSTEM32\WSOCK32.dll
0x00007ffc532b0000 - 0x00007ffc532d7000 	C:\Windows\SYSTEM32\WINMM.dll
0x00007ffc5fe70000 - 0x00007ffc5fedb000 	C:\Windows\System32\WS2_32.dll
0x00007ffc5ab00000 - 0x00007ffc5ab12000 	C:\Windows\SYSTEM32\kernel.appcore.dll
0x00007ffc45cf0000 - 0x00007ffc45d00000 	C:\Program Files\Java\jdk-11.0.13\bin\verify.dll
0x00007ffc5d360000 - 0x00007ffc5d544000 	C:\Windows\SYSTEM32\DBGHELP.DLL
0x00007ffc5d320000 - 0x00007ffc5d354000 	C:\Windows\SYSTEM32\dbgcore.DLL
0x00007ffc5d9b0000 - 0x00007ffc5da32000 	C:\Windows\System32\bcryptPrimitives.dll
0x00007ffc43910000 - 0x00007ffc43938000 	C:\Program Files\Java\jdk-11.0.13\bin\java.dll
0x00007ffc43a40000 - 0x00007ffc43a4a000 	C:\Program Files\Java\jdk-11.0.13\bin\jimage.dll
0x00007ffc5b520000 - 0x00007ffc5b52e000 	C:\Program Files\Java\jdk-11.0.13\bin\instrument.dll
0x00007ffc3e6d0000 - 0x00007ffc3e6e6000 	C:\Program Files\Java\jdk-11.0.13\bin\zip.dll
0x00007ffc5eb50000 - 0x00007ffc5f294000 	C:\Windows\System32\SHELL32.dll
0x00007ffc5ad70000 - 0x00007ffc5b503000 	C:\Windows\SYSTEM32\windows.storage.dll
0x00007ffc5fb10000 - 0x00007ffc5fe64000 	C:\Windows\System32\combase.dll
0x00007ffc5cd80000 - 0x00007ffc5cdae000 	C:\Windows\SYSTEM32\Wldp.dll
0x00007ffc5e5f0000 - 0x00007ffc5e69d000 	C:\Windows\System32\SHCORE.dll
0x00007ffc5f2a0000 - 0x00007ffc5f2f5000 	C:\Windows\System32\shlwapi.dll
0x00007ffc5d8f0000 - 0x00007ffc5d90f000 	C:\Windows\SYSTEM32\profapi.dll

dbghelp: loaded successfully - version: 4.0.5 - missing functions: none
symbol engine: initialized successfully - sym options: 0x614 - pdb path: .;C:\Program Files\Java\jdk-11.0.13\bin;C:\Windows\SYSTEM32;C:\Windows\WinSxS\amd64_microsoft.windows.common-controls_6595b64144ccf1df_6.0.19041.1110_none_60b5254171f9507e;C:\Program Files\Java\jdk-11.0.13\bin\server

VM Arguments:
jvm_args: -ea -Didea.test.cyclic.buffer.size=1048576 -javaagent:C:\Program Files\JetBrains\IntelliJ IDEA Community Edition 2022.2.3\lib\idea_rt.jar=52863:C:\Program Files\JetBrains\IntelliJ IDEA Community Edition 2022.2.3\bin -Dfile.encoding=UTF-8 
java_command: com.intellij.rt.testng.RemoteTestNGStarter -usedefaultlisteners false -socket52862 @w@C:\Users\ilhan\AppData\Local\Temp\idea_working_dirs_testng1.tmp -temp C:\Users\ilhan\AppData\Local\Temp\idea_testng1.tmp
java_class_path (initial): C:\Program Files\JetBrains\IntelliJ IDEA Community Edition 2022.2.3\lib\idea_rt.jar;C:\Program Files\JetBrains\IntelliJ IDEA Community Edition 2022.2.3\plugins\testng\lib\testng-rt.jar;C:\Users\ilhan\IdeaProjects\TestNG_Team05\target\test-classes;C:\Users\ilhan\.m2\repository\org\testng\testng\7.7.1\testng-7.7.1.jar;C:\Users\ilhan\.m2\repository\org\slf4j\slf4j-api\1.7.36\slf4j-api-1.7.36.jar;C:\Users\ilhan\.m2\repository\com\beust\jcommander\1.82\jcommander-1.82.jar;C:\Users\ilhan\.m2\repository\org\webjars\jquery\3.6.1\jquery-3.6.1.jar;C:\Users\ilhan\.m2\repository\io\github\bonigarcia\webdrivermanager\5.3.2\webdrivermanager-5.3.2.jar;C:\Users\ilhan\.m2\repository\com\google\code\gson\gson\2.10.1\gson-2.10.1.jar;C:\Users\ilhan\.m2\repository\com\github\docker-java\docker-java\3.2.14\docker-java-3.2.14.jar;C:\Users\ilhan\.m2\repository\com\github\docker-java\docker-java-core\3.2.14\docker-java-core-3.2.14.jar;C:\Users\ilhan\.m2\repository\com\github\docker-java\docker-java-api\3.2.14\docker-java-api-3.2.14.jar;C:\Users\ilhan\.m2\repository\com\fasterxml\jackson\core\jackson-annotations\2.10.3\jackson-annotations-2.10.3.jar;C:\Users\ilhan\.m2\repository\com\fasterxml\jackson\core\jackson-databind\2.10.3\jackson-databind-2.10.3.jar;C:\Users\ilhan\.m2\repository\com\fasterxml\jackson\core\jackson-core\2.10.3\jackson-core-2.10.3.jar;C:\Users\ilhan\.m2\repository\org\bouncycastle\bcpkix-jdk15on\1.64\bcpkix-jdk15on-1.64.jar;C:\Users\ilhan\.m2\repository\org\bouncycastle\bcprov-jdk15on\1.64\bcprov-jdk15on-1.64.jar;C:\Users\ilhan\.m2\repository\org\slf4j\jcl-over-slf4j\1.7.30\jcl-over-slf4j-1.7.30.jar;C:\Users\ilhan\.m2\repository\com\github\docker-java\docker-java-transport-httpclient5\3.2.14\docker-java-transport-httpclient5-3.2.14.jar;C:\Users\ilhan\.m2\repository\com\github\docker-java\docker-java-transport\3.2.14\docker-java-transport-3.2.14.jar;C:\Users\ilhan\.m2\repository\net\java\dev\jna\jna\5.12.1\jna-5.12.1.jar;C:\Users\ilhan\.m2\rep
Launcher Type: SUN_STANDARD

[Global flags]
     intx CICompilerCount                          = 4                                         {product} {ergonomic}
     uint ConcGCThreads                            = 2                                         {product} {ergonomic}
     uint G1ConcRefinementThreads                  = 8                                         {product} {ergonomic}
   size_t G1HeapRegionSize                         = 1048576                                   {product} {ergonomic}
    uintx GCDrainStackTargetSize                   = 64                                        {product} {ergonomic}
   size_t InitialHeapSize                          = 167772160                                 {product} {ergonomic}
   size_t MarkStackSize                            = 4194304                                   {product} {ergonomic}
   size_t MaxHeapSize                              = 2665480192                                {product} {ergonomic}
   size_t MaxNewSize                               = 1599078400                                {product} {ergonomic}
   size_t MinHeapDeltaBytes                        = 1048576                                   {product} {ergonomic}
    uintx NonNMethodCodeHeapSize                   = 5836300                                {pd product} {ergonomic}
    uintx NonProfiledCodeHeapSize                  = 122910970                              {pd product} {ergonomic}
    uintx ProfiledCodeHeapSize                     = 122910970                              {pd product} {ergonomic}
    uintx ReservedCodeCacheSize                    = 251658240                              {pd product} {ergonomic}
     bool SegmentedCodeCache                       = true                                      {product} {ergonomic}
     bool UseCompressedClassPointers               = true                                 {lp64_product} {ergonomic}
     bool UseCompressedOops                        = true                                 {lp64_product} {ergonomic}
     bool UseG1GC                                  = true                                      {product} {ergonomic}
     bool UseLargePagesIndividualAllocation        = false                                  {pd product} {ergonomic}

Logging:
Log output configuration:
 #0: stdout all=warning uptime,level,tags
 #1: stderr all=off uptime,level,tags

Environment Variables:
JAVA_HOME=C:\Program Files\Java\jdk-11.0.13
PATH=C:\Program Files\Common Files\Oracle\Java\javapath;C:\Windows\system32;C:\Windows;C:\Windows\System32\Wbem;C:\Windows\System32\WindowsPowerShell\v1.0\;C:\Windows\System32\OpenSSH\;C:\Program Files\Git\cmd;C:\Users\ilhan\AppData\Local\Microsoft\WindowsApps;C:\Users\ilhan\AppData\Local\Programs\Microsoft VS Code\bin;C:\Program Files\Java\jdk-11.0.13\bin;
USERNAME=ilhan
OS=Windows_NT
PROCESSOR_IDENTIFIER=Intel64 Family 6 Model 30 Stepping 5, GenuineIntel



---------------  S Y S T E M  ---------------

OS: Windows 10 , 64 bit Build 19041 (10.0.19041.2913)

CPU:total 8 (initial active 8) (4 cores per cpu, 2 threads per core) family 6 model 30 stepping 5 microcode 0xa, cmov, cx8, fxsr, mmx, sse, sse2, sse3, ssse3, sse4.1, sse4.2, popcnt, ht, tsc, tscinvbit

Memory: 4k page, system-wide physical 10164M (2498M free)
TotalPageFile size 12806M (AvailPageFile size 2271M)
current process WorkingSet (physical memory assigned to process): 31M, peak: 31M
current process commit charge ("private bytes"): 236M, peak: 236M

vm_info: Java HotSpot(TM) 64-Bit Server VM (11.0.13+10-LTS-370) for windows-amd64 JRE (11.0.13+10-LTS-370), built on Sep 15 2021 22:10:36 by "mach5one" with MS VC++ 15.9 (VS2017)

END.
