#
# A fatal error has been detected by the Java Runtime Environment:
#
#  EXCEPTION_ACCESS_VIOLATION (0xc0000005) at pc=0x00007ffbf935549d, pid=2872, tid=14148
#
# JRE version: Java(TM) SE Runtime Environment 18.9 (11.0.13+10) (build 11.0.13+10-LTS-370)
# Java VM: Java HotSpot(TM) 64-Bit Server VM 18.9 (11.0.13+10-LTS-370, mixed mode, tiered, compressed oops, g1 gc, windows-amd64)
# Problematic frame:
# V  [jvm.dll+0x74549d]
#
# No core dump will be written. Minidumps are not enabled by default on client versions of Windows
#
# If you would like to submit a bug report, please visit:
#   https://bugreport.java.com/bugreport/crash.jsp
#

---------------  S U M M A R Y ------------

Command Line: -ea -Didea.test.cyclic.buffer.size=1048576 -javaagent:C:\Program Files\JetBrains\IntelliJ IDEA Community Edition 2022.2.3\lib\idea_rt.jar=53005:C:\Program Files\JetBrains\IntelliJ IDEA Community Edition 2022.2.3\bin -Dfile.encoding=UTF-8 com.intellij.rt.testng.RemoteTestNGStarter -usedefaultlisteners false -socket53004 @w@C:\Users\ilhan\AppData\Local\Temp\idea_working_dirs_testng1.tmp -temp C:\Users\ilhan\AppData\Local\Temp\idea_testng1.tmp

Host: Intel(R) Core(TM) i7 CPU       Q 820  @ 1.73GHz, 8 cores, 9G,  Windows 10 , 64 bit Build 19041 (10.0.19041.2913)
Time: Tue May 16 16:51:08 2023 Türkiye Standart Saati elapsed time: 2.027318 seconds (0d 0h 0m 2s)

---------------  T H R E A D  ---------------

Current thread (0x000001f5b16eb800):  JavaThread "main" [_thread_in_native_trans, id=14148, stack(0x0000001eebd00000,0x0000001eebe00000)]

Stack: [0x0000001eebd00000,0x0000001eebe00000],  sp=0x0000001eebdff120,  free space=1020k
Native frames: (J=compiled Java code, j=interpreted, Vv=VM code, C=native code)
V  [jvm.dll+0x74549d]
C  0x000001f5c07e604e

Java frames: (J=compiled Java code, j=interpreted, Vv=VM code)
J 99  jdk.internal.misc.Unsafe.compareAndSetObject(Ljava/lang/Object;JLjava/lang/Object;Ljava/lang/Object;)Z java.base@11.0.13 (0 bytes) @ 0x000001f5c07e5fb1 [0x000001f5c07e5f20+0x0000000000000091]
j  java.lang.Class$Atomic.casReflectionData(Ljava/lang/Class;Ljava/lang/ref/SoftReference;Ljava/lang/ref/SoftReference;)Z+9 java.base@11.0.13
j  java.lang.Class.newReflectionData(Ljava/lang/ref/SoftReference;I)Ljava/lang/Class$ReflectionData;+19 java.base@11.0.13
j  java.lang.Class.reflectionData()Ljava/lang/Class$ReflectionData;+39 java.base@11.0.13
j  java.lang.Class.privateGetDeclaredConstructors(Z)[Ljava/lang/reflect/Constructor;+1 java.base@11.0.13
j  java.lang.Class.getConstructor0([Ljava/lang/Class;I)Ljava/lang/reflect/Constructor;+14 java.base@11.0.13
j  java.lang.Class.getConstructor([Ljava/lang/Class;)Ljava/lang/reflect/Constructor;+24 java.base@11.0.13
j  com.intellij.rt.testng.IDEARemoteTestNG.attachListeners(Lcom/intellij/rt/testng/IDEATestNGRemoteListener;)V+40
j  com.intellij.rt.testng.IDEARemoteTestNG.run()V+266
j  com.intellij.rt.testng.RemoteTestNGStarter.main([Ljava/lang/String;)V+536
v  ~StubRoutines::call_stub

siginfo: EXCEPTION_ACCESS_VIOLATION (0xc0000005), reading address 0xffffffffffffffff


Register to memory mapping:

RIP=0x00007ffbf935549d jvm.dll
RAX=0x000001f5b8d10f2e is at begin+0 in a stub
StubRoutines::orderaccess_fence [0x000001f5b8d10f2e, 0x000001f5b8d10f35[ (7 bytes)
RBX=0x000001f5b16eb800 is a thread
RCX=0x000001f5b16ebb48 points into unknown readable memory: 0x00007ffbf95efd00 | 00 fd 5e f9 fb 7f 00 00
RDX=0x0000001eebdff1a0 is pointing into the stack for thread: 0x000001f5b16eb800
RSP=0x0000001eebdff120 is pointing into the stack for thread: 0x000001f5b16eb800
RBP=0x0000001eebdff100 is pointing into the stack for thread: 0x000001f5b16eb800
RSI=0x0 is NULL
RDI=0x000001f5b16eb800 is a thread
R8 =0x0000001eebdff1a8 is pointing into the stack for thread: 0x000001f5b16eb800
R9 =0x0000000000000028 is an unknown value
R10=0x00007ffbf9355420 jvm.dll
R11=0x000001f5c07e5f48 is at entry_point+40 in (nmethod*)0x000001f5c07e5d90
R12=0x0000000000000028 is an unknown value
R13=0x0000001eebdff1f8 is pointing into the stack for thread: 0x000001f5b16eb800
R14=0x0000001eebdff1a8 is pointing into the stack for thread: 0x000001f5b16eb800
R15=0x000001f5b16eb800 is a thread


Registers:
RAX=0x000001f5b8d10f2e, RBX=0x000001f5b16eb800, RCX=0x000001f5b16ebb48, RDX=0x0000001eebdff1a0
RSP=0x0000001eebdff120, RBP=0x0000001eebdff100, RSI=0x0000000000000000, RDI=0x000001f5b16eb800
R8 =0x0000001eebdff1a8, R9 =0x0000000000000028, R10=0x00007ffbf9355420, R11=0x000001f5c07e5f48
R12=0x0000000000000028, R13=0x0000001eebdff1f8, R14=0x0000001eebdff1a8, R15=0x000001f5b16eb800
RIP=0x00007ffbf935549d, EFLAGS=0x0000000000010282

Top of Stack: (sp=0x0000001eebdff120)
0x0000001eebdff120:   000001f5b16eb800 0000000000000026
0x0000001eebdff130:   0000001eebdff220 00007ffbf9130c5e
0x0000001eebdff140:   000001f5b16eb800 0000001eebdff290
0x0000001eebdff150:   0000000000000000 0000000000000000
0x0000001eebdff160:   0000000769c9b2c8 000001f5c07e604e
0x0000001eebdff170:   000001f5b16eb800 000001f5d09f0078
0x0000001eebdff180:   0000001eebdff1e0 00007ffbf91f082c
0x0000001eebdff190:   0000000000000000 0000001eebdff1c0
0x0000001eebdff1a0:   000000076b108118 0000000769c9b1b0
0x0000001eebdff1b0:   00007ffbf9440760 0000000000000000
0x0000001eebdff1c0:   0000000769c9b2c8 000001f5d0974ca0
0x0000001eebdff1d0:   0000001eebdff2e0 000001f5b940ba64
0x0000001eebdff1e0:   0000001eebdff270 000001f5b8d198d0
0x0000001eebdff1f0:   000001f5b8d198d0 0000000769c9b2c8
0x0000001eebdff200:   0000000000000000 0000000000000028
0x0000001eebdff210:   0000000000000000 0000000769c9b1b0 

Instructions: (pc=0x00007ffbf935549d)
0x00007ffbf935547d:   40 38 35 0c 95 29 00 75 09 83 3d 93 20 31 00 01
0x00007ffbf935548d:   74 18 40 38 35 fb 94 29 00 74 07 e8 33 4d ed ff
0x00007ffbf935549d:   eb 08 48 8b cb e8 e9 f5 9a ff 83 3d 72 69 31 00
0x00007ffbf93554ad:   01 75 1b 48 8b 03 48 8b cb ff 50 28 84 c0 74 0e 


Stack slot to memory mapping:
stack at sp + 0 slots: 0x000001f5b16eb800 is a thread
stack at sp + 1 slots: 0x0000000000000026 is an unknown value
stack at sp + 2 slots: 0x0000001eebdff220 is pointing into the stack for thread: 0x000001f5b16eb800
stack at sp + 3 slots: 0x00007ffbf9130c5e jvm.dll
stack at sp + 4 slots: 0x000001f5b16eb800 is a thread
stack at sp + 5 slots: 0x0000001eebdff290 is pointing into the stack for thread: 0x000001f5b16eb800
stack at sp + 6 slots: 0x0 is NULL
stack at sp + 7 slots: 0x0 is NULL


---------------  P R O C E S S  ---------------

Threads class SMR info:
_java_thread_list=0x000001f5d1b9fa60, length=12, elements={
0x000001f5b16eb800, 0x000001f5d0915800, 0x000001f5d0916800, 0x000001f5d119d000,
0x000001f5d119e000, 0x000001f5d11a1800, 0x000001f5d11ad800, 0x000001f5d11b2000,
0x000001f5d11b5800, 0x000001f5d08d4000, 0x000001f5d149c000, 0x000001f5d13d3800
}

Java Threads: ( => current thread )
=>0x000001f5b16eb800 JavaThread "main" [_thread_in_native_trans, id=14148, stack(0x0000001eebd00000,0x0000001eebe00000)]
  0x000001f5d0915800 JavaThread "Reference Handler" daemon [_thread_blocked, id=9260, stack(0x0000001eec400000,0x0000001eec500000)]
  0x000001f5d0916800 JavaThread "Finalizer" daemon [_thread_blocked, id=10056, stack(0x0000001eec500000,0x0000001eec600000)]
  0x000001f5d119d000 JavaThread "Signal Dispatcher" daemon [_thread_blocked, id=12348, stack(0x0000001eec600000,0x0000001eec700000)]
  0x000001f5d119e000 JavaThread "Attach Listener" daemon [_thread_blocked, id=8828, stack(0x0000001eec700000,0x0000001eec800000)]
  0x000001f5d11a1800 JavaThread "Service Thread" daemon [_thread_blocked, id=10880, stack(0x0000001eec800000,0x0000001eec900000)]
  0x000001f5d11ad800 JavaThread "C2 CompilerThread0" daemon [_thread_blocked, id=14044, stack(0x0000001eec900000,0x0000001eeca00000)]
  0x000001f5d11b2000 JavaThread "C1 CompilerThread0" daemon [_thread_blocked, id=2700, stack(0x0000001eeca00000,0x0000001eecb00000)]
  0x000001f5d11b5800 JavaThread "Sweeper thread" daemon [_thread_blocked, id=272, stack(0x0000001eecb00000,0x0000001eecc00000)]
  0x000001f5d08d4000 JavaThread "Common-Cleaner" daemon [_thread_blocked, id=3152, stack(0x0000001eecc00000,0x0000001eecd00000)]
  0x000001f5d149c000 JavaThread "Monitor Ctrl-Break" daemon [_thread_in_native, id=6184, stack(0x0000001eece00000,0x0000001eecf00000)]
  0x000001f5d13d3800 JavaThread "C2 CompilerThread1" daemon [_thread_blocked, id=13520, stack(0x0000001eecd00000,0x0000001eece00000)]

Other Threads:
  0x000001f5d0913800 VMThread "VM Thread" [stack: 0x0000001eec300000,0x0000001eec400000] [id=6548]
  0x000001f5d153e800 WatcherThread [stack: 0x0000001eecf00000,0x0000001eed000000] [id=5332]
  0x000001f5b1701800 GCTaskThread "GC Thread#0" [stack: 0x0000001eebe00000,0x0000001eebf00000] [id=768]
  0x000001f5b173e000 ConcurrentGCThread "G1 Main Marker" [stack: 0x0000001eebf00000,0x0000001eec000000] [id=4744]
  0x000001f5b173f800 ConcurrentGCThread "G1 Conc#0" [stack: 0x0000001eec000000,0x0000001eec100000] [id=8436]
  0x000001f5b17be000 ConcurrentGCThread "G1 Refine#0" [stack: 0x0000001eec100000,0x0000001eec200000] [id=7804]
  0x000001f5d0782800 ConcurrentGCThread "G1 Young RemSet Sampling" [stack: 0x0000001eec200000,0x0000001eec300000] [id=260]

Threads with active compile tasks:

VM state:not at safepoint (normal execution)

VM Mutex/Monitor currently owned by a thread: None

Heap address: 0x0000000761200000, size: 2542 MB, Compressed Oops mode: Zero based, Oop shift amount: 3
Narrow klass base: 0x0000000800000000, Narrow klass shift: 0
Compressed class space size: 1073741824 Address: 0x0000000800000000

Heap:
 garbage-first heap   total 163840K, used 20480K [0x0000000761200000, 0x0000000800000000)
  region size 1024K, 22 young (22528K), 0 survivors (0K)
 Metaspace       used 11908K, capacity 12172K, committed 12288K, reserved 1060864K
  class space    used 1167K, capacity 1252K, committed 1280K, reserved 1048576K
Heap Regions: E=young(eden), S=young(survivor), O=old, HS=humongous(starts), HC=humongous(continues), CS=collection set, F=free, A=archive, TAMS=top-at-mark-start (previous, next)
|   0|0x0000000761200000, 0x0000000761200000, 0x0000000761300000|  0%| F|  |TAMS 0x0000000761200000, 0x0000000761200000| Untracked 
|   1|0x0000000761300000, 0x0000000761300000, 0x0000000761400000|  0%| F|  |TAMS 0x0000000761300000, 0x0000000761300000| Untracked 
|   2|0x0000000761400000, 0x0000000761400000, 0x0000000761500000|  0%| F|  |TAMS 0x0000000761400000, 0x0000000761400000| Untracked 
|   3|0x0000000761500000, 0x0000000761500000, 0x0000000761600000|  0%| F|  |TAMS 0x0000000761500000, 0x0000000761500000| Untracked 
|   4|0x0000000761600000, 0x0000000761600000, 0x0000000761700000|  0%| F|  |TAMS 0x0000000761600000, 0x0000000761600000| Untracked 
|   5|0x0000000761700000, 0x0000000761700000, 0x0000000761800000|  0%| F|  |TAMS 0x0000000761700000, 0x0000000761700000| Untracked 
|   6|0x0000000761800000, 0x0000000761800000, 0x0000000761900000|  0%| F|  |TAMS 0x0000000761800000, 0x0000000761800000| Untracked 
|   7|0x0000000761900000, 0x0000000761900000, 0x0000000761a00000|  0%| F|  |TAMS 0x0000000761900000, 0x0000000761900000| Untracked 
|   8|0x0000000761a00000, 0x0000000761a00000, 0x0000000761b00000|  0%| F|  |TAMS 0x0000000761a00000, 0x0000000761a00000| Untracked 
|   9|0x0000000761b00000, 0x0000000761b00000, 0x0000000761c00000|  0%| F|  |TAMS 0x0000000761b00000, 0x0000000761b00000| Untracked 
|  10|0x0000000761c00000, 0x0000000761c00000, 0x0000000761d00000|  0%| F|  |TAMS 0x0000000761c00000, 0x0000000761c00000| Untracked 
|  11|0x0000000761d00000, 0x0000000761d00000, 0x0000000761e00000|  0%| F|  |TAMS 0x0000000761d00000, 0x0000000761d00000| Untracked 
|  12|0x0000000761e00000, 0x0000000761e00000, 0x0000000761f00000|  0%| F|  |TAMS 0x0000000761e00000, 0x0000000761e00000| Untracked 
|  13|0x0000000761f00000, 0x0000000761f00000, 0x0000000762000000|  0%| F|  |TAMS 0x0000000761f00000, 0x0000000761f00000| Untracked 
|  14|0x0000000762000000, 0x0000000762000000, 0x0000000762100000|  0%| F|  |TAMS 0x0000000762000000, 0x0000000762000000| Untracked 
|  15|0x0000000762100000, 0x0000000762100000, 0x0000000762200000|  0%| F|  |TAMS 0x0000000762100000, 0x0000000762100000| Untracked 
|  16|0x0000000762200000, 0x0000000762200000, 0x0000000762300000|  0%| F|  |TAMS 0x0000000762200000, 0x0000000762200000| Untracked 
|  17|0x0000000762300000, 0x0000000762300000, 0x0000000762400000|  0%| F|  |TAMS 0x0000000762300000, 0x0000000762300000| Untracked 
|  18|0x0000000762400000, 0x0000000762400000, 0x0000000762500000|  0%| F|  |TAMS 0x0000000762400000, 0x0000000762400000| Untracked 
|  19|0x0000000762500000, 0x0000000762500000, 0x0000000762600000|  0%| F|  |TAMS 0x0000000762500000, 0x0000000762500000| Untracked 
|  20|0x0000000762600000, 0x0000000762600000, 0x0000000762700000|  0%| F|  |TAMS 0x0000000762600000, 0x0000000762600000| Untracked 
|  21|0x0000000762700000, 0x0000000762700000, 0x0000000762800000|  0%| F|  |TAMS 0x0000000762700000, 0x0000000762700000| Untracked 
|  22|0x0000000762800000, 0x0000000762800000, 0x0000000762900000|  0%| F|  |TAMS 0x0000000762800000, 0x0000000762800000| Untracked 
|  23|0x0000000762900000, 0x0000000762900000, 0x0000000762a00000|  0%| F|  |TAMS 0x0000000762900000, 0x0000000762900000| Untracked 
|  24|0x0000000762a00000, 0x0000000762a00000, 0x0000000762b00000|  0%| F|  |TAMS 0x0000000762a00000, 0x0000000762a00000| Untracked 
|  25|0x0000000762b00000, 0x0000000762b00000, 0x0000000762c00000|  0%| F|  |TAMS 0x0000000762b00000, 0x0000000762b00000| Untracked 
|  26|0x0000000762c00000, 0x0000000762c00000, 0x0000000762d00000|  0%| F|  |TAMS 0x0000000762c00000, 0x0000000762c00000| Untracked 
|  27|0x0000000762d00000, 0x0000000762d00000, 0x0000000762e00000|  0%| F|  |TAMS 0x0000000762d00000, 0x0000000762d00000| Untracked 
|  28|0x0000000762e00000, 0x0000000762e00000, 0x0000000762f00000|  0%| F|  |TAMS 0x0000000762e00000, 0x0000000762e00000| Untracked 
|  29|0x0000000762f00000, 0x0000000762f00000, 0x0000000763000000|  0%| F|  |TAMS 0x0000000762f00000, 0x0000000762f00000| Untracked 
|  30|0x0000000763000000, 0x0000000763000000, 0x0000000763100000|  0%| F|  |TAMS 0x0000000763000000, 0x0000000763000000| Untracked 
|  31|0x0000000763100000, 0x0000000763100000, 0x0000000763200000|  0%| F|  |TAMS 0x0000000763100000, 0x0000000763100000| Untracked 
|  32|0x0000000763200000, 0x0000000763200000, 0x0000000763300000|  0%| F|  |TAMS 0x0000000763200000, 0x0000000763200000| Untracked 
|  33|0x0000000763300000, 0x0000000763300000, 0x0000000763400000|  0%| F|  |TAMS 0x0000000763300000, 0x0000000763300000| Untracked 
|  34|0x0000000763400000, 0x0000000763400000, 0x0000000763500000|  0%| F|  |TAMS 0x0000000763400000, 0x0000000763400000| Untracked 
|  35|0x0000000763500000, 0x0000000763500000, 0x0000000763600000|  0%| F|  |TAMS 0x0000000763500000, 0x0000000763500000| Untracked 
|  36|0x0000000763600000, 0x0000000763600000, 0x0000000763700000|  0%| F|  |TAMS 0x0000000763600000, 0x0000000763600000| Untracked 
|  37|0x0000000763700000, 0x0000000763700000, 0x0000000763800000|  0%| F|  |TAMS 0x0000000763700000, 0x0000000763700000| Untracked 
|  38|0x0000000763800000, 0x0000000763800000, 0x0000000763900000|  0%| F|  |TAMS 0x0000000763800000, 0x0000000763800000| Untracked 
|  39|0x0000000763900000, 0x0000000763900000, 0x0000000763a00000|  0%| F|  |TAMS 0x0000000763900000, 0x0000000763900000| Untracked 
|  40|0x0000000763a00000, 0x0000000763a00000, 0x0000000763b00000|  0%| F|  |TAMS 0x0000000763a00000, 0x0000000763a00000| Untracked 
|  41|0x0000000763b00000, 0x0000000763b00000, 0x0000000763c00000|  0%| F|  |TAMS 0x0000000763b00000, 0x0000000763b00000| Untracked 
|  42|0x0000000763c00000, 0x0000000763c00000, 0x0000000763d00000|  0%| F|  |TAMS 0x0000000763c00000, 0x0000000763c00000| Untracked 
|  43|0x0000000763d00000, 0x0000000763d00000, 0x0000000763e00000|  0%| F|  |TAMS 0x0000000763d00000, 0x0000000763d00000| Untracked 
|  44|0x0000000763e00000, 0x0000000763e00000, 0x0000000763f00000|  0%| F|  |TAMS 0x0000000763e00000, 0x0000000763e00000| Untracked 
|  45|0x0000000763f00000, 0x0000000763f00000, 0x0000000764000000|  0%| F|  |TAMS 0x0000000763f00000, 0x0000000763f00000| Untracked 
|  46|0x0000000764000000, 0x0000000764000000, 0x0000000764100000|  0%| F|  |TAMS 0x0000000764000000, 0x0000000764000000| Untracked 
|  47|0x0000000764100000, 0x0000000764100000, 0x0000000764200000|  0%| F|  |TAMS 0x0000000764100000, 0x0000000764100000| Untracked 
|  48|0x0000000764200000, 0x0000000764200000, 0x0000000764300000|  0%| F|  |TAMS 0x0000000764200000, 0x0000000764200000| Untracked 
|  49|0x0000000764300000, 0x0000000764300000, 0x0000000764400000|  0%| F|  |TAMS 0x0000000764300000, 0x0000000764300000| Untracked 
|  50|0x0000000764400000, 0x0000000764400000, 0x0000000764500000|  0%| F|  |TAMS 0x0000000764400000, 0x0000000764400000| Untracked 
|  51|0x0000000764500000, 0x0000000764500000, 0x0000000764600000|  0%| F|  |TAMS 0x0000000764500000, 0x0000000764500000| Untracked 
|  52|0x0000000764600000, 0x0000000764600000, 0x0000000764700000|  0%| F|  |TAMS 0x0000000764600000, 0x0000000764600000| Untracked 
|  53|0x0000000764700000, 0x0000000764700000, 0x0000000764800000|  0%| F|  |TAMS 0x0000000764700000, 0x0000000764700000| Untracked 
|  54|0x0000000764800000, 0x0000000764800000, 0x0000000764900000|  0%| F|  |TAMS 0x0000000764800000, 0x0000000764800000| Untracked 
|  55|0x0000000764900000, 0x0000000764900000, 0x0000000764a00000|  0%| F|  |TAMS 0x0000000764900000, 0x0000000764900000| Untracked 
|  56|0x0000000764a00000, 0x0000000764a00000, 0x0000000764b00000|  0%| F|  |TAMS 0x0000000764a00000, 0x0000000764a00000| Untracked 
|  57|0x0000000764b00000, 0x0000000764b00000, 0x0000000764c00000|  0%| F|  |TAMS 0x0000000764b00000, 0x0000000764b00000| Untracked 
|  58|0x0000000764c00000, 0x0000000764c00000, 0x0000000764d00000|  0%| F|  |TAMS 0x0000000764c00000, 0x0000000764c00000| Untracked 
|  59|0x0000000764d00000, 0x0000000764d00000, 0x0000000764e00000|  0%| F|  |TAMS 0x0000000764d00000, 0x0000000764d00000| Untracked 
|  60|0x0000000764e00000, 0x0000000764e00000, 0x0000000764f00000|  0%| F|  |TAMS 0x0000000764e00000, 0x0000000764e00000| Untracked 
|  61|0x0000000764f00000, 0x0000000764f00000, 0x0000000765000000|  0%| F|  |TAMS 0x0000000764f00000, 0x0000000764f00000| Untracked 
|  62|0x0000000765000000, 0x0000000765000000, 0x0000000765100000|  0%| F|  |TAMS 0x0000000765000000, 0x0000000765000000| Untracked 
|  63|0x0000000765100000, 0x0000000765100000, 0x0000000765200000|  0%| F|  |TAMS 0x0000000765100000, 0x0000000765100000| Untracked 
|  64|0x0000000765200000, 0x0000000765200000, 0x0000000765300000|  0%| F|  |TAMS 0x0000000765200000, 0x0000000765200000| Untracked 
|  65|0x0000000765300000, 0x0000000765300000, 0x0000000765400000|  0%| F|  |TAMS 0x0000000765300000, 0x0000000765300000| Untracked 
|  66|0x0000000765400000, 0x0000000765400000, 0x0000000765500000|  0%| F|  |TAMS 0x0000000765400000, 0x0000000765400000| Untracked 
|  67|0x0000000765500000, 0x0000000765500000, 0x0000000765600000|  0%| F|  |TAMS 0x0000000765500000, 0x0000000765500000| Untracked 
|  68|0x0000000765600000, 0x0000000765600000, 0x0000000765700000|  0%| F|  |TAMS 0x0000000765600000, 0x0000000765600000| Untracked 
|  69|0x0000000765700000, 0x0000000765700000, 0x0000000765800000|  0%| F|  |TAMS 0x0000000765700000, 0x0000000765700000| Untracked 
|  70|0x0000000765800000, 0x0000000765800000, 0x0000000765900000|  0%| F|  |TAMS 0x0000000765800000, 0x0000000765800000| Untracked 
|  71|0x0000000765900000, 0x0000000765900000, 0x0000000765a00000|  0%| F|  |TAMS 0x0000000765900000, 0x0000000765900000| Untracked 
|  72|0x0000000765a00000, 0x0000000765a00000, 0x0000000765b00000|  0%| F|  |TAMS 0x0000000765a00000, 0x0000000765a00000| Untracked 
|  73|0x0000000765b00000, 0x0000000765b00000, 0x0000000765c00000|  0%| F|  |TAMS 0x0000000765b00000, 0x0000000765b00000| Untracked 
|  74|0x0000000765c00000, 0x0000000765c00000, 0x0000000765d00000|  0%| F|  |TAMS 0x0000000765c00000, 0x0000000765c00000| Untracked 
|  75|0x0000000765d00000, 0x0000000765d00000, 0x0000000765e00000|  0%| F|  |TAMS 0x0000000765d00000, 0x0000000765d00000| Untracked 
|  76|0x0000000765e00000, 0x0000000765e00000, 0x0000000765f00000|  0%| F|  |TAMS 0x0000000765e00000, 0x0000000765e00000| Untracked 
|  77|0x0000000765f00000, 0x0000000765f00000, 0x0000000766000000|  0%| F|  |TAMS 0x0000000765f00000, 0x0000000765f00000| Untracked 
|  78|0x0000000766000000, 0x0000000766000000, 0x0000000766100000|  0%| F|  |TAMS 0x0000000766000000, 0x0000000766000000| Untracked 
|  79|0x0000000766100000, 0x0000000766100000, 0x0000000766200000|  0%| F|  |TAMS 0x0000000766100000, 0x0000000766100000| Untracked 
|  80|0x0000000766200000, 0x0000000766200000, 0x0000000766300000|  0%| F|  |TAMS 0x0000000766200000, 0x0000000766200000| Untracked 
|  81|0x0000000766300000, 0x0000000766300000, 0x0000000766400000|  0%| F|  |TAMS 0x0000000766300000, 0x0000000766300000| Untracked 
|  82|0x0000000766400000, 0x0000000766400000, 0x0000000766500000|  0%| F|  |TAMS 0x0000000766400000, 0x0000000766400000| Untracked 
|  83|0x0000000766500000, 0x0000000766500000, 0x0000000766600000|  0%| F|  |TAMS 0x0000000766500000, 0x0000000766500000| Untracked 
|  84|0x0000000766600000, 0x0000000766600000, 0x0000000766700000|  0%| F|  |TAMS 0x0000000766600000, 0x0000000766600000| Untracked 
|  85|0x0000000766700000, 0x0000000766700000, 0x0000000766800000|  0%| F|  |TAMS 0x0000000766700000, 0x0000000766700000| Untracked 
|  86|0x0000000766800000, 0x0000000766800000, 0x0000000766900000|  0%| F|  |TAMS 0x0000000766800000, 0x0000000766800000| Untracked 
|  87|0x0000000766900000, 0x0000000766900000, 0x0000000766a00000|  0%| F|  |TAMS 0x0000000766900000, 0x0000000766900000| Untracked 
|  88|0x0000000766a00000, 0x0000000766a00000, 0x0000000766b00000|  0%| F|  |TAMS 0x0000000766a00000, 0x0000000766a00000| Untracked 
|  89|0x0000000766b00000, 0x0000000766b00000, 0x0000000766c00000|  0%| F|  |TAMS 0x0000000766b00000, 0x0000000766b00000| Untracked 
|  90|0x0000000766c00000, 0x0000000766c00000, 0x0000000766d00000|  0%| F|  |TAMS 0x0000000766c00000, 0x0000000766c00000| Untracked 
|  91|0x0000000766d00000, 0x0000000766d00000, 0x0000000766e00000|  0%| F|  |TAMS 0x0000000766d00000, 0x0000000766d00000| Untracked 
|  92|0x0000000766e00000, 0x0000000766e00000, 0x0000000766f00000|  0%| F|  |TAMS 0x0000000766e00000, 0x0000000766e00000| Untracked 
|  93|0x0000000766f00000, 0x0000000766f00000, 0x0000000767000000|  0%| F|  |TAMS 0x0000000766f00000, 0x0000000766f00000| Untracked 
|  94|0x0000000767000000, 0x0000000767000000, 0x0000000767100000|  0%| F|  |TAMS 0x0000000767000000, 0x0000000767000000| Untracked 
|  95|0x0000000767100000, 0x0000000767100000, 0x0000000767200000|  0%| F|  |TAMS 0x0000000767100000, 0x0000000767100000| Untracked 
|  96|0x0000000767200000, 0x0000000767200000, 0x0000000767300000|  0%| F|  |TAMS 0x0000000767200000, 0x0000000767200000| Untracked 
|  97|0x0000000767300000, 0x0000000767300000, 0x0000000767400000|  0%| F|  |TAMS 0x0000000767300000, 0x0000000767300000| Untracked 
|  98|0x0000000767400000, 0x0000000767400000, 0x0000000767500000|  0%| F|  |TAMS 0x0000000767400000, 0x0000000767400000| Untracked 
|  99|0x0000000767500000, 0x0000000767500000, 0x0000000767600000|  0%| F|  |TAMS 0x0000000767500000, 0x0000000767500000| Untracked 
| 100|0x0000000767600000, 0x0000000767600000, 0x0000000767700000|  0%| F|  |TAMS 0x0000000767600000, 0x0000000767600000| Untracked 
| 101|0x0000000767700000, 0x0000000767700000, 0x0000000767800000|  0%| F|  |TAMS 0x0000000767700000, 0x0000000767700000| Untracked 
| 102|0x0000000767800000, 0x0000000767800000, 0x0000000767900000|  0%| F|  |TAMS 0x0000000767800000, 0x0000000767800000| Untracked 
| 103|0x0000000767900000, 0x0000000767900000, 0x0000000767a00000|  0%| F|  |TAMS 0x0000000767900000, 0x0000000767900000| Untracked 
| 104|0x0000000767a00000, 0x0000000767a00000, 0x0000000767b00000|  0%| F|  |TAMS 0x0000000767a00000, 0x0000000767a00000| Untracked 
| 105|0x0000000767b00000, 0x0000000767b00000, 0x0000000767c00000|  0%| F|  |TAMS 0x0000000767b00000, 0x0000000767b00000| Untracked 
| 106|0x0000000767c00000, 0x0000000767c00000, 0x0000000767d00000|  0%| F|  |TAMS 0x0000000767c00000, 0x0000000767c00000| Untracked 
| 107|0x0000000767d00000, 0x0000000767d00000, 0x0000000767e00000|  0%| F|  |TAMS 0x0000000767d00000, 0x0000000767d00000| Untracked 
| 108|0x0000000767e00000, 0x0000000767e00000, 0x0000000767f00000|  0%| F|  |TAMS 0x0000000767e00000, 0x0000000767e00000| Untracked 
| 109|0x0000000767f00000, 0x0000000767f00000, 0x0000000768000000|  0%| F|  |TAMS 0x0000000767f00000, 0x0000000767f00000| Untracked 
| 110|0x0000000768000000, 0x0000000768000000, 0x0000000768100000|  0%| F|  |TAMS 0x0000000768000000, 0x0000000768000000| Untracked 
| 111|0x0000000768100000, 0x0000000768100000, 0x0000000768200000|  0%| F|  |TAMS 0x0000000768100000, 0x0000000768100000| Untracked 
| 112|0x0000000768200000, 0x0000000768200000, 0x0000000768300000|  0%| F|  |TAMS 0x0000000768200000, 0x0000000768200000| Untracked 
| 113|0x0000000768300000, 0x0000000768300000, 0x0000000768400000|  0%| F|  |TAMS 0x0000000768300000, 0x0000000768300000| Untracked 
| 114|0x0000000768400000, 0x0000000768400000, 0x0000000768500000|  0%| F|  |TAMS 0x0000000768400000, 0x0000000768400000| Untracked 
| 115|0x0000000768500000, 0x0000000768500000, 0x0000000768600000|  0%| F|  |TAMS 0x0000000768500000, 0x0000000768500000| Untracked 
| 116|0x0000000768600000, 0x0000000768600000, 0x0000000768700000|  0%| F|  |TAMS 0x0000000768600000, 0x0000000768600000| Untracked 
| 117|0x0000000768700000, 0x0000000768700000, 0x0000000768800000|  0%| F|  |TAMS 0x0000000768700000, 0x0000000768700000| Untracked 
| 118|0x0000000768800000, 0x0000000768800000, 0x0000000768900000|  0%| F|  |TAMS 0x0000000768800000, 0x0000000768800000| Untracked 
| 119|0x0000000768900000, 0x0000000768900000, 0x0000000768a00000|  0%| F|  |TAMS 0x0000000768900000, 0x0000000768900000| Untracked 
| 120|0x0000000768a00000, 0x0000000768a00000, 0x0000000768b00000|  0%| F|  |TAMS 0x0000000768a00000, 0x0000000768a00000| Untracked 
| 121|0x0000000768b00000, 0x0000000768b00000, 0x0000000768c00000|  0%| F|  |TAMS 0x0000000768b00000, 0x0000000768b00000| Untracked 
| 122|0x0000000768c00000, 0x0000000768c00000, 0x0000000768d00000|  0%| F|  |TAMS 0x0000000768c00000, 0x0000000768c00000| Untracked 
| 123|0x0000000768d00000, 0x0000000768d00000, 0x0000000768e00000|  0%| F|  |TAMS 0x0000000768d00000, 0x0000000768d00000| Untracked 
| 124|0x0000000768e00000, 0x0000000768e00000, 0x0000000768f00000|  0%| F|  |TAMS 0x0000000768e00000, 0x0000000768e00000| Untracked 
| 125|0x0000000768f00000, 0x0000000768f00000, 0x0000000769000000|  0%| F|  |TAMS 0x0000000768f00000, 0x0000000768f00000| Untracked 
| 126|0x0000000769000000, 0x0000000769000000, 0x0000000769100000|  0%| F|  |TAMS 0x0000000769000000, 0x0000000769000000| Untracked 
| 127|0x0000000769100000, 0x0000000769100000, 0x0000000769200000|  0%| F|  |TAMS 0x0000000769100000, 0x0000000769100000| Untracked 
| 128|0x0000000769200000, 0x0000000769200000, 0x0000000769300000|  0%| F|  |TAMS 0x0000000769200000, 0x0000000769200000| Untracked 
| 129|0x0000000769300000, 0x0000000769300000, 0x0000000769400000|  0%| F|  |TAMS 0x0000000769300000, 0x0000000769300000| Untracked 
| 130|0x0000000769400000, 0x0000000769400000, 0x0000000769500000|  0%| F|  |TAMS 0x0000000769400000, 0x0000000769400000| Untracked 
| 131|0x0000000769500000, 0x0000000769500000, 0x0000000769600000|  0%| F|  |TAMS 0x0000000769500000, 0x0000000769500000| Untracked 
| 132|0x0000000769600000, 0x0000000769600000, 0x0000000769700000|  0%| F|  |TAMS 0x0000000769600000, 0x0000000769600000| Untracked 
| 133|0x0000000769700000, 0x0000000769700000, 0x0000000769800000|  0%| F|  |TAMS 0x0000000769700000, 0x0000000769700000| Untracked 
| 134|0x0000000769800000, 0x0000000769800000, 0x0000000769900000|  0%| F|  |TAMS 0x0000000769800000, 0x0000000769800000| Untracked 
| 135|0x0000000769900000, 0x0000000769900000, 0x0000000769a00000|  0%| F|  |TAMS 0x0000000769900000, 0x0000000769900000| Untracked 
| 136|0x0000000769a00000, 0x0000000769a00000, 0x0000000769b00000|  0%| F|  |TAMS 0x0000000769a00000, 0x0000000769a00000| Untracked 
| 137|0x0000000769b00000, 0x0000000769b00000, 0x0000000769c00000|  0%| F|  |TAMS 0x0000000769b00000, 0x0000000769b00000| Untracked 
| 138|0x0000000769c00000, 0x0000000769cf6500, 0x0000000769d00000| 96%| E|  |TAMS 0x0000000769c00000, 0x0000000769c00000| Complete 
| 139|0x0000000769d00000, 0x0000000769e00000, 0x0000000769e00000|100%| E|CS|TAMS 0x0000000769d00000, 0x0000000769d00000| Complete 
| 140|0x0000000769e00000, 0x0000000769f00000, 0x0000000769f00000|100%| E|CS|TAMS 0x0000000769e00000, 0x0000000769e00000| Complete 
| 141|0x0000000769f00000, 0x000000076a000000, 0x000000076a000000|100%| E|CS|TAMS 0x0000000769f00000, 0x0000000769f00000| Complete 
| 142|0x000000076a000000, 0x000000076a100000, 0x000000076a100000|100%| E|CS|TAMS 0x000000076a000000, 0x000000076a000000| Complete 
| 143|0x000000076a100000, 0x000000076a200000, 0x000000076a200000|100%| E|CS|TAMS 0x000000076a100000, 0x000000076a100000| Complete 
| 144|0x000000076a200000, 0x000000076a300000, 0x000000076a300000|100%| E|CS|TAMS 0x000000076a200000, 0x000000076a200000| Complete 
| 145|0x000000076a300000, 0x000000076a400000, 0x000000076a400000|100%| E|CS|TAMS 0x000000076a300000, 0x000000076a300000| Complete 
| 146|0x000000076a400000, 0x000000076a500000, 0x000000076a500000|100%| E|CS|TAMS 0x000000076a400000, 0x000000076a400000| Complete 
| 147|0x000000076a500000, 0x000000076a600000, 0x000000076a600000|100%| E|CS|TAMS 0x000000076a500000, 0x000000076a500000| Complete 
| 148|0x000000076a600000, 0x000000076a6fff28, 0x000000076a700000| 99%| E|  |TAMS 0x000000076a600000, 0x000000076a600000| Complete 
| 149|0x000000076a700000, 0x000000076a800000, 0x000000076a800000|100%| E|CS|TAMS 0x000000076a700000, 0x000000076a700000| Complete 
| 150|0x000000076a800000, 0x000000076a900000, 0x000000076a900000|100%| E|CS|TAMS 0x000000076a800000, 0x000000076a800000| Complete 
| 151|0x000000076a900000, 0x000000076aa00000, 0x000000076aa00000|100%| E|CS|TAMS 0x000000076a900000, 0x000000076a900000| Complete 
| 152|0x000000076aa00000, 0x000000076ab00000, 0x000000076ab00000|100%| E|CS|TAMS 0x000000076aa00000, 0x000000076aa00000| Complete 
| 153|0x000000076ab00000, 0x000000076ac00000, 0x000000076ac00000|100%| E|CS|TAMS 0x000000076ab00000, 0x000000076ab00000| Complete 
| 154|0x000000076ac00000, 0x000000076ad00000, 0x000000076ad00000|100%| E|CS|TAMS 0x000000076ac00000, 0x000000076ac00000| Complete 
| 155|0x000000076ad00000, 0x000000076ae00000, 0x000000076ae00000|100%| E|CS|TAMS 0x000000076ad00000, 0x000000076ad00000| Complete 
| 156|0x000000076ae00000, 0x000000076af00000, 0x000000076af00000|100%| E|CS|TAMS 0x000000076ae00000, 0x000000076ae00000| Complete 
| 157|0x000000076af00000, 0x000000076b000000, 0x000000076b000000|100%| E|CS|TAMS 0x000000076af00000, 0x000000076af00000| Complete 
| 158|0x000000076b000000, 0x000000076b100000, 0x000000076b100000|100%| E|CS|TAMS 0x000000076b000000, 0x000000076b000000| Complete 
| 159|0x000000076b100000, 0x000000076b200000, 0x000000076b200000|100%| E|CS|TAMS 0x000000076b100000, 0x000000076b100000| Complete 

Card table byte_map: [0x000001f5c8540000,0x000001f5c8a40000] _byte_map_base: 0x000001f5c4a37000

Marking Bits (Prev, Next): (CMBitMap*) 0x000001f5b1733198, (CMBitMap*) 0x000001f5b17331d0
 Prev Bits: [0x000001f5c8f40000, 0x000001f5cb6f8000)
 Next Bits: [0x000001f5cb700000, 0x000001f5cdeb8000)

Polling page: 0x000001f5af650000

Metaspace:

Usage:
  Non-class:     10.66 MB capacity,    10.49 MB ( 98%) used,   160.77 KB (  1%) free+waste,    18.75 KB ( <1%) overhead. 
      Class:      1.22 MB capacity,     1.14 MB ( 93%) used,    75.20 KB (  6%) free+waste,     9.13 KB ( <1%) overhead. 
       Both:     11.89 MB capacity,    11.63 MB ( 98%) used,   235.96 KB (  2%) free+waste,    27.88 KB ( <1%) overhead. 

Virtual space:
  Non-class space:       12.00 MB reserved,      10.75 MB ( 90%) committed 
      Class space:        1.00 GB reserved,       1.25 MB ( <1%) committed 
             Both:        1.01 GB reserved,      12.00 MB (  1%) committed 

Chunk freelists:
   Non-Class:  3.00 KB
       Class:  3.50 KB
        Both:  6.50 KB

CodeHeap 'non-profiled nmethods': size=120000Kb used=297Kb max_used=297Kb free=119702Kb
 bounds [0x000001f5c07e0000, 0x000001f5c0a50000, 0x000001f5c7d10000]
CodeHeap 'profiled nmethods': size=120000Kb used=1718Kb max_used=1718Kb free=118281Kb
 bounds [0x000001f5b92b0000, 0x000001f5b9520000, 0x000001f5c07e0000]
CodeHeap 'non-nmethods': size=5760Kb used=1081Kb max_used=1095Kb free=4678Kb
 bounds [0x000001f5b8d10000, 0x000001f5b8f80000, 0x000001f5b92b0000]
 total_blobs=1378 nmethods=990 adapters=301
 compilation: enabled
              stopped_count=0, restarted_count=0
 full_count=0

Compilation events (10 events):
Event: 1.996 Thread 0x000001f5d11b2000  989   !   3       java.net.URL::<init> (543 bytes)
Event: 2.006 Thread 0x000001f5d11b2000 nmethod 989 0x000001f5b9451f90 code [0x000001f5b9452660, 0x000001f5b9456488]
Event: 2.006 Thread 0x000001f5d11b2000  990       3       java.util.ArrayList::newCapacity (65 bytes)
Event: 2.007 Thread 0x000001f5d11b2000 nmethod 990 0x000001f5b9458690 code [0x000001f5b9458880, 0x000001f5b9458e18]
Event: 2.007 Thread 0x000001f5d11b2000  986       3       java.lang.invoke.MemberName::checkForTypeAlias (168 bytes)
Event: 2.011 Thread 0x000001f5d11b2000 nmethod 986 0x000001f5b9458f90 code [0x000001f5b9459420, 0x000001f5b945b6d8]
Event: 2.011 Thread 0x000001f5d11b2000  985       3       java.lang.invoke.MethodHandleNatives::refKindHasReceiver (33 bytes)
Event: 2.011 Thread 0x000001f5d11b2000 nmethod 985 0x000001f5b945c090 code [0x000001f5b945c220, 0x000001f5b945c378]
Event: 2.011 Thread 0x000001f5d11b2000  982       3       java.lang.invoke.MethodHandles$Lookup::checkSecurityManager (104 bytes)
Event: 2.013 Thread 0x000001f5d11b2000 nmethod 982 0x000001f5b945c410 code [0x000001f5b945c6e0, 0x000001f5b945d5e8]

GC Heap History (0 events):
No events

Deoptimization events (10 events):
Event: 1.385 Thread 0x000001f5b16eb800 Uncommon trap: reason=class_check action=maybe_recompile pc=0x000001f5c0805ae0 method=java.util.HashMap.putVal(ILjava/lang/Object;Ljava/lang/Object;ZZ)Ljava/lang/Object; @ 91 c2
Event: 1.434 Thread 0x000001f5b16eb800 Uncommon trap: reason=bimorphic_or_optimized_type_check action=maybe_recompile pc=0x000001f5c080c030 method=java.util.HashMap.getNode(ILjava/lang/Object;)Ljava/util/HashMap$Node; @ 59 c2
Event: 1.504 Thread 0x000001f5b16eb800 Uncommon trap: reason=bimorphic_or_optimized_type_check action=maybe_recompile pc=0x000001f5c07ed514 method=java.util.AbstractCollection.isEmpty()Z @ 1 c2
Event: 1.504 Thread 0x000001f5b16eb800 Uncommon trap: reason=bimorphic_or_optimized_type_check action=maybe_recompile pc=0x000001f5c07ed514 method=java.util.AbstractCollection.isEmpty()Z @ 1 c2
Event: 1.508 Thread 0x000001f5b16eb800 Uncommon trap: reason=bimorphic_or_optimized_type_check action=maybe_recompile pc=0x000001f5c07ed514 method=java.util.AbstractCollection.isEmpty()Z @ 1 c2
Event: 1.508 Thread 0x000001f5b16eb800 Uncommon trap: reason=bimorphic_or_optimized_type_check action=maybe_recompile pc=0x000001f5c07ed514 method=java.util.AbstractCollection.isEmpty()Z @ 1 c2
Event: 1.656 Thread 0x000001f5b16eb800 Uncommon trap: reason=unstable_if action=reinterpret pc=0x000001f5c0819fcc method=java.io.WinNTFileSystem.normalize(Ljava/lang/String;)Ljava/lang/String; @ 40 c2
Event: 1.656 Thread 0x000001f5b16eb800 Uncommon trap: reason=unstable_if action=reinterpret pc=0x000001f5c07f7ee0 method=java.io.WinNTFileSystem.isSlash(C)Z @ 9 c2
Event: 1.657 Thread 0x000001f5b16eb800 Uncommon trap: reason=bimorphic_or_optimized_type_check action=maybe_recompile pc=0x000001f5c080c030 method=java.util.HashMap.getNode(ILjava/lang/Object;)Ljava/util/HashMap$Node; @ 59 c2
Event: 1.686 Thread 0x000001f5b16eb800 Uncommon trap: reason=bimorphic_or_optimized_type_check action=maybe_recompile pc=0x000001f5c080c030 method=java.util.HashMap.getNode(ILjava/lang/Object;)Ljava/util/HashMap$Node; @ 59 c2

Classes redefined (0 events):
No events

Internal exceptions (10 events):
Event: 1.276 Thread 0x000001f5d119e000 Exception <a 'java/lang/NoSuchMethodError'{0x000000076a290e78}: java.lang.invoke.DirectMethodHandle$Holder.invokeStaticInit(Ljava/lang/Object;I)Ljava/lang/Object;> (0x000000076a290e78) thrown at [./open/src/hotspot/share/interpreter/linkResolver.cpp, line
Event: 1.294 Thread 0x000001f5b16eb800 Exception <a 'java/lang/NoSuchMethodError'{0x000000076a136c98}: java.lang.invoke.DirectMethodHandle$Holder.invokeStaticInit(Ljava/lang/Object;Ljava/lang/Object;)I> (0x000000076a136c98) thrown at [./open/src/hotspot/share/interpreter/linkResolver.cpp, line
Event: 1.547 Thread 0x000001f5b16eb800 Exception <a 'java/lang/NoSuchMethodError'{0x0000000769e36c40}: java.lang.invoke.DirectMethodHandle$Holder.invokeStatic(Ljava/lang/Object;Ljava/lang/Object;Ljava/lang/Object;Ljava/lang/Object;Ljava/lang/Object;Ljava/lang/Object;Ljava/lang/Object;Ljava/lan
Event: 1.552 Thread 0x000001f5b16eb800 Exception <a 'java/lang/NoSuchMethodError'{0x0000000769e449a0}: java.lang.invoke.DirectMethodHandle$Holder.invokeStatic(Ljava/lang/Object;Ljava/lang/Object;Ljava/lang/Object;Ljava/lang/Object;Ljava/lang/Object;Ljava/lang/Object;Ljava/lang/Object;Ljava/lan
Event: 1.558 Thread 0x000001f5b16eb800 Exception <a 'java/lang/NoSuchMethodError'{0x0000000769e53b48}: java.lang.invoke.DirectMethodHandle$Holder.invokeSpecial(Ljava/lang/Object;Ljava/lang/Object;IILjava/lang/Object;Ljava/lang/Object;Ljava/lang/Object;)Ljava/lang/Object;> (0x0000000769e53b48) 
Event: 1.559 Thread 0x000001f5b16eb800 Exception <a 'java/lang/NoSuchMethodError'{0x0000000769e570d0}: java.lang.invoke.DelegatingMethodHandle$Holder.reinvoke_L(Ljava/lang/Object;IILjava/lang/Object;Ljava/lang/Object;Ljava/lang/Object;)Ljava/lang/Object;> (0x0000000769e570d0) thrown at [./open
Event: 1.561 Thread 0x000001f5b16eb800 Exception <a 'java/lang/NoSuchMethodError'{0x0000000769e5b2a8}: java.lang.invoke.DirectMethodHandle$Holder.invokeStatic(Ljava/lang/Object;Ljava/lang/Object;Ljava/lang/Object;Ljava/lang/Object;I)Ljava/lang/Object;> (0x0000000769e5b2a8) thrown at [./open/sr
Event: 1.627 Thread 0x000001f5b16eb800 Exception <a 'java/lang/ClassNotFoundException'{0x0000000769ef47c8}: com/sun/org/apache/xerces/internal/impl/msg/spi/SAXMessagesProvider> (0x0000000769ef47c8) thrown at [./open/src/hotspot/share/classfile/systemDictionary.cpp, line 227]
Event: 1.720 Thread 0x000001f5b16eb800 Exception <a 'java/lang/NoSuchMethodError'{0x0000000769db7ce8}: java.lang.invoke.DirectMethodHandle$Holder.invokeStaticInit(Ljava/lang/Object;IIII)Ljava/lang/Object;> (0x0000000769db7ce8) thrown at [./open/src/hotspot/share/interpreter/linkResolver.cpp, l
Event: 1.973 Thread 0x000001f5b16eb800 Exception <a 'java/lang/NoSuchMethodError'{0x0000000769c17038}: java.lang.invoke.DirectMethodHandle$Holder.invokeStaticInit(Ljava/lang/Object;Ljava/lang/Object;IIII)Ljava/lang/Object;> (0x0000000769c17038) thrown at [./open/src/hotspot/share/interpreter/l

Events (10 events):
Event: 2.011 loading class org/testng/IAlterSuiteListener
Event: 2.011 loading class org/testng/IAlterSuiteListener done
Event: 2.011 loading class org/testng/IDataProviderListener
Event: 2.011 loading class org/testng/IDataProviderListener done
Event: 2.012 loading class org/testng/IDataProviderInterceptor
Event: 2.012 loading class org/testng/IDataProviderInterceptor done
Event: 2.012 loading class com/intellij/rt/testng/IDEATestNGTestListener
Event: 2.012 loading class com/intellij/rt/testng/IDEATestNGTestListener done
Event: 2.013 loading class com/intellij/rt/testng/IDEATestNGConfigurationListener
Event: 2.013 loading class com/intellij/rt/testng/IDEATestNGConfigurationListener done


Dynamic libraries:
0x00007ff67ccd0000 - 0x00007ff67ccdf000 	C:\Program Files\Java\jdk-11.0.13\bin\java.exe
0x00007ffc602d0000 - 0x00007ffc604c8000 	C:\Windows\SYSTEM32\ntdll.dll
0x00007ffc5e820000 - 0x00007ffc5e8df000 	C:\Windows\System32\KERNEL32.DLL
0x00007ffc5e000000 - 0x00007ffc5e2f6000 	C:\Windows\System32\KERNELBASE.dll
0x00007ffc5dcc0000 - 0x00007ffc5ddc0000 	C:\Windows\System32\ucrtbase.dll
0x00007ffc43a70000 - 0x00007ffc43a85000 	C:\Program Files\Java\jdk-11.0.13\bin\VCRUNTIME140.dll
0x00007ffc43a50000 - 0x00007ffc43a68000 	C:\Program Files\Java\jdk-11.0.13\bin\jli.dll
0x00007ffc5f500000 - 0x00007ffc5f5af000 	C:\Windows\System32\ADVAPI32.dll
0x00007ffc60010000 - 0x00007ffc600ae000 	C:\Windows\System32\msvcrt.dll
0x00007ffc5e780000 - 0x00007ffc5e81c000 	C:\Windows\System32\sechost.dll
0x00007ffc5fee0000 - 0x00007ffc60006000 	C:\Windows\System32\RPCRT4.dll
0x00007ffc5e450000 - 0x00007ffc5e5ed000 	C:\Windows\System32\USER32.dll
0x00007ffc5cec0000 - 0x00007ffc5d15a000 	C:\Windows\WinSxS\amd64_microsoft.windows.common-controls_6595b64144ccf1df_6.0.19041.1110_none_60b5254171f9507e\COMCTL32.dll
0x00007ffc5de70000 - 0x00007ffc5de92000 	C:\Windows\System32\win32u.dll
0x00007ffc5f4d0000 - 0x00007ffc5f4fc000 	C:\Windows\System32\GDI32.dll
0x00007ffc5da40000 - 0x00007ffc5db55000 	C:\Windows\System32\gdi32full.dll
0x00007ffc5df60000 - 0x00007ffc5dffd000 	C:\Windows\System32\msvcp_win.dll
0x00007ffc56640000 - 0x00007ffc5664a000 	C:\Windows\SYSTEM32\VERSION.dll
0x00007ffc5fa30000 - 0x00007ffc5fa60000 	C:\Windows\System32\IMM32.DLL
0x00007ffc240d0000 - 0x00007ffc2416b000 	C:\Program Files\Java\jdk-11.0.13\bin\msvcp140.dll
0x00007ffbf8c10000 - 0x00007ffbf9723000 	C:\Program Files\Java\jdk-11.0.13\bin\server\jvm.dll
0x00007ffc5fa20000 - 0x00007ffc5fa28000 	C:\Windows\System32\PSAPI.DLL
0x00007ffc4a540000 - 0x00007ffc4a549000 	C:\Windows\SYSTEM32\WSOCK32.dll
0x00007ffc532b0000 - 0x00007ffc532d7000 	C:\Windows\SYSTEM32\WINMM.dll
0x00007ffc5fe70000 - 0x00007ffc5fedb000 	C:\Windows\System32\WS2_32.dll
0x00007ffc5ab00000 - 0x00007ffc5ab12000 	C:\Windows\SYSTEM32\kernel.appcore.dll
0x00007ffc45cf0000 - 0x00007ffc45d00000 	C:\Program Files\Java\jdk-11.0.13\bin\verify.dll
0x00007ffc5d360000 - 0x00007ffc5d544000 	C:\Windows\SYSTEM32\DBGHELP.DLL
0x00007ffc5d320000 - 0x00007ffc5d354000 	C:\Windows\SYSTEM32\dbgcore.DLL
0x00007ffc5d9b0000 - 0x00007ffc5da32000 	C:\Windows\System32\bcryptPrimitives.dll
0x00007ffc43910000 - 0x00007ffc43938000 	C:\Program Files\Java\jdk-11.0.13\bin\java.dll
0x00007ffc43a40000 - 0x00007ffc43a4a000 	C:\Program Files\Java\jdk-11.0.13\bin\jimage.dll
0x00007ffc5b520000 - 0x00007ffc5b52e000 	C:\Program Files\Java\jdk-11.0.13\bin\instrument.dll
0x00007ffc3e6d0000 - 0x00007ffc3e6e6000 	C:\Program Files\Java\jdk-11.0.13\bin\zip.dll
0x00007ffc5eb50000 - 0x00007ffc5f294000 	C:\Windows\System32\SHELL32.dll
0x00007ffc5ad70000 - 0x00007ffc5b503000 	C:\Windows\SYSTEM32\windows.storage.dll
0x00007ffc5fb10000 - 0x00007ffc5fe64000 	C:\Windows\System32\combase.dll
0x00007ffc5cd80000 - 0x00007ffc5cdae000 	C:\Windows\SYSTEM32\Wldp.dll
0x00007ffc5e5f0000 - 0x00007ffc5e69d000 	C:\Windows\System32\SHCORE.dll
0x00007ffc5f2a0000 - 0x00007ffc5f2f5000 	C:\Windows\System32\shlwapi.dll
0x00007ffc5d8f0000 - 0x00007ffc5d90f000 	C:\Windows\SYSTEM32\profapi.dll
0x00007ffc3e580000 - 0x00007ffc3e599000 	C:\Program Files\Java\jdk-11.0.13\bin\net.dll
0x00007ffc530a0000 - 0x00007ffc531aa000 	C:\Windows\SYSTEM32\WINHTTP.dll
0x00007ffc5ca70000 - 0x00007ffc5cada000 	C:\Windows\system32\mswsock.dll
0x00007ffc3e540000 - 0x00007ffc3e552000 	C:\Program Files\Java\jdk-11.0.13\bin\nio.dll
0x00007ffc5a2e0000 - 0x00007ffc5a2fa000 	C:\Program Files\JetBrains\IntelliJ IDEA Community Edition 2022.2.3\bin\breakgen64.dll
0x00007ffc5d740000 - 0x00007ffc5d758000 	C:\Windows\SYSTEM32\CRYPTSP.dll
0x00007ffc5c3f0000 - 0x00007ffc5c424000 	C:\Windows\system32\rsaenh.dll
0x00007ffc5e300000 - 0x00007ffc5e327000 	C:\Windows\System32\bcrypt.dll
0x00007ffc5d870000 - 0x00007ffc5d89e000 	C:\Windows\SYSTEM32\USERENV.dll
0x00007ffc5ccd0000 - 0x00007ffc5ccdc000 	C:\Windows\SYSTEM32\CRYPTBASE.dll
0x00007ffc5c760000 - 0x00007ffc5c79c000 	C:\Windows\SYSTEM32\IPHLPAPI.DLL
0x00007ffc5f4c0000 - 0x00007ffc5f4c8000 	C:\Windows\System32\NSI.dll
0x00007ffc53eb0000 - 0x00007ffc53ec7000 	C:\Windows\SYSTEM32\dhcpcsvc6.DLL
0x00007ffc552b0000 - 0x00007ffc552cd000 	C:\Windows\SYSTEM32\dhcpcsvc.DLL
0x00007ffc5c7a0000 - 0x00007ffc5c86b000 	C:\Windows\SYSTEM32\DNSAPI.dll

dbghelp: loaded successfully - version: 4.0.5 - missing functions: none
symbol engine: initialized successfully - sym options: 0x614 - pdb path: .;C:\Program Files\Java\jdk-11.0.13\bin;C:\Windows\SYSTEM32;C:\Windows\WinSxS\amd64_microsoft.windows.common-controls_6595b64144ccf1df_6.0.19041.1110_none_60b5254171f9507e;C:\Program Files\Java\jdk-11.0.13\bin\server;C:\Program Files\JetBrains\IntelliJ IDEA Community Edition 2022.2.3\bin

VM Arguments:
jvm_args: -ea -Didea.test.cyclic.buffer.size=1048576 -javaagent:C:\Program Files\JetBrains\IntelliJ IDEA Community Edition 2022.2.3\lib\idea_rt.jar=53005:C:\Program Files\JetBrains\IntelliJ IDEA Community Edition 2022.2.3\bin -Dfile.encoding=UTF-8 
java_command: com.intellij.rt.testng.RemoteTestNGStarter -usedefaultlisteners false -socket53004 @w@C:\Users\ilhan\AppData\Local\Temp\idea_working_dirs_testng1.tmp -temp C:\Users\ilhan\AppData\Local\Temp\idea_testng1.tmp
java_class_path (initial): C:\Program Files\JetBrains\IntelliJ IDEA Community Edition 2022.2.3\lib\idea_rt.jar;C:\Program Files\JetBrains\IntelliJ IDEA Community Edition 2022.2.3\plugins\testng\lib\testng-rt.jar;C:\Users\ilhan\IdeaProjects\TestNG_Team05\target\test-classes;C:\Users\ilhan\.m2\repository\org\testng\testng\7.7.1\testng-7.7.1.jar;C:\Users\ilhan\.m2\repository\org\slf4j\slf4j-api\1.7.36\slf4j-api-1.7.36.jar;C:\Users\ilhan\.m2\repository\com\beust\jcommander\1.82\jcommander-1.82.jar;C:\Users\ilhan\.m2\repository\org\webjars\jquery\3.6.1\jquery-3.6.1.jar;C:\Users\ilhan\.m2\repository\io\github\bonigarcia\webdrivermanager\5.3.2\webdrivermanager-5.3.2.jar;C:\Users\ilhan\.m2\repository\com\google\code\gson\gson\2.10.1\gson-2.10.1.jar;C:\Users\ilhan\.m2\repository\com\github\docker-java\docker-java\3.2.14\docker-java-3.2.14.jar;C:\Users\ilhan\.m2\repository\com\github\docker-java\docker-java-core\3.2.14\docker-java-core-3.2.14.jar;C:\Users\ilhan\.m2\repository\com\github\docker-java\docker-java-api\3.2.14\docker-java-api-3.2.14.jar;C:\Users\ilhan\.m2\repository\com\fasterxml\jackson\core\jackson-annotations\2.10.3\jackson-annotations-2.10.3.jar;C:\Users\ilhan\.m2\repository\com\fasterxml\jackson\core\jackson-databind\2.10.3\jackson-databind-2.10.3.jar;C:\Users\ilhan\.m2\repository\com\fasterxml\jackson\core\jackson-core\2.10.3\jackson-core-2.10.3.jar;C:\Users\ilhan\.m2\repository\org\bouncycastle\bcpkix-jdk15on\1.64\bcpkix-jdk15on-1.64.jar;C:\Users\ilhan\.m2\repository\org\bouncycastle\bcprov-jdk15on\1.64\bcprov-jdk15on-1.64.jar;C:\Users\ilhan\.m2\repository\org\slf4j\jcl-over-slf4j\1.7.30\jcl-over-slf4j-1.7.30.jar;C:\Users\ilhan\.m2\repository\com\github\docker-java\docker-java-transport-httpclient5\3.2.14\docker-java-transport-httpclient5-3.2.14.jar;C:\Users\ilhan\.m2\repository\com\github\docker-java\docker-java-transport\3.2.14\docker-java-transport-3.2.14.jar;C:\Users\ilhan\.m2\repository\net\java\dev\jna\jna\5.12.1\jna-5.12.1.jar;C:\Users\ilhan\.m2\rep
Launcher Type: SUN_STANDARD

[Global flags]
     intx CICompilerCount                          = 4                                         {product} {ergonomic}
     uint ConcGCThreads                            = 2                                         {product} {ergonomic}
     uint G1ConcRefinementThreads                  = 8                                         {product} {ergonomic}
   size_t G1HeapRegionSize                         = 1048576                                   {product} {ergonomic}
    uintx GCDrainStackTargetSize                   = 64                                        {product} {ergonomic}
   size_t InitialHeapSize                          = 167772160                                 {product} {ergonomic}
   size_t MarkStackSize                            = 4194304                                   {product} {ergonomic}
   size_t MaxHeapSize                              = 2665480192                                {product} {ergonomic}
   size_t MaxNewSize                               = 1599078400                                {product} {ergonomic}
   size_t MinHeapDeltaBytes                        = 1048576                                   {product} {ergonomic}
    uintx NonNMethodCodeHeapSize                   = 5836300                                {pd product} {ergonomic}
    uintx NonProfiledCodeHeapSize                  = 122910970                              {pd product} {ergonomic}
    uintx ProfiledCodeHeapSize                     = 122910970                              {pd product} {ergonomic}
    uintx ReservedCodeCacheSize                    = 251658240                              {pd product} {ergonomic}
     bool SegmentedCodeCache                       = true                                      {product} {ergonomic}
     bool UseCompressedClassPointers               = true                                 {lp64_product} {ergonomic}
     bool UseCompressedOops                        = true                                 {lp64_product} {ergonomic}
     bool UseG1GC                                  = true                                      {product} {ergonomic}
     bool UseLargePagesIndividualAllocation        = false                                  {pd product} {ergonomic}

Logging:
Log output configuration:
 #0: stdout all=warning uptime,level,tags
 #1: stderr all=off uptime,level,tags

Environment Variables:
JAVA_HOME=C:\Program Files\Java\jdk-11.0.13
PATH=C:\Program Files\Common Files\Oracle\Java\javapath;C:\Windows\system32;C:\Windows;C:\Windows\System32\Wbem;C:\Windows\System32\WindowsPowerShell\v1.0\;C:\Windows\System32\OpenSSH\;C:\Program Files\Git\cmd;C:\Users\ilhan\AppData\Local\Microsoft\WindowsApps;C:\Users\ilhan\AppData\Local\Programs\Microsoft VS Code\bin;C:\Program Files\Java\jdk-11.0.13\bin;
USERNAME=ilhan
OS=Windows_NT
PROCESSOR_IDENTIFIER=Intel64 Family 6 Model 30 Stepping 5, GenuineIntel



---------------  S Y S T E M  ---------------

OS: Windows 10 , 64 bit Build 19041 (10.0.19041.2913)

CPU:total 8 (initial active 8) (4 cores per cpu, 2 threads per core) family 6 model 30 stepping 5 microcode 0xa, cmov, cx8, fxsr, mmx, sse, sse2, sse3, ssse3, sse4.1, sse4.2, popcnt, ht, tsc, tscinvbit

Memory: 4k page, system-wide physical 10164M (2282M free)
TotalPageFile size 13851M (AvailPageFile size 2481M)
current process WorkingSet (physical memory assigned to process): 74M, peak: 74M
current process commit charge ("private bytes"): 257M, peak: 257M

vm_info: Java HotSpot(TM) 64-Bit Server VM (11.0.13+10-LTS-370) for windows-amd64 JRE (11.0.13+10-LTS-370), built on Sep 15 2021 22:10:36 by "mach5one" with MS VC++ 15.9 (VS2017)

END.
